Channel density: 92
Net 1
C8 1 99
C8 99 167
C67 167 181
C67 181 183
C33 183 224
C33 224 230
C71 230 237
Dogleg 99
Dogleg 167
Dogleg 181
Dogleg 183
Dogleg 224
Dogleg 230
Net 2
C87 9 33
C87 33 55
C87 55 132
C87 132 138
C91 138 212
Dogleg 33
Dogleg 55
Dogleg 132
Dogleg 138
Net 3
C3 23 119
C3 119 121
C17 121 129
Dogleg 119
Dogleg 121
Net 4
C17 58 120
C82 120 130
C92 130 151
C64 151 198
C64 198 244
Dogleg 120
Dogleg 130
Dogleg 151
Dogleg 198
Net 5
C83 15 69
C83 69 92
C83 92 107
C37 107 149
C37 149 162
C37 162 166
C79 166 216
Dogleg 69
Dogleg 92
Dogleg 107
Dogleg 149
Dogleg 162
Dogleg 166
Net 6
C7 1 61
C61 61 87
C61 87 97
C65 97 159
C87 159 195
Dogleg 61
Dogleg 87
Dogleg 97
Dogleg 159
Net 7
C86 10 45
Net 8
C31 71 76
C54 76 89
T1 89 131
T1 131 144
C86 144 232
Dogleg 76
Dogleg 89
Dogleg 131
Dogleg 144
Net 9
C74 27 30
C74 30 112
C74 112 144
C74 144 155
C13 155 163
C28 163 187
C37 187 233
Dogleg 30
Dogleg 112
Dogleg 144
Dogleg 155
Dogleg 163
Dogleg 187
Net 10
C71 34 52
C71 52 88
C71 88 124
C71 124 126
C71 126 134
C71 134 189
C35 189 255
Dogleg 52
Dogleg 88
Dogleg 124
Dogleg 126
Dogleg 134
Dogleg 189
Net 11
C58 66 108
Net 12
B3 4 31
C90 31 57
C42 57 66
C56 66 74
C86 74 143
C11 143 173
C21 173 219
Dogleg 31
Dogleg 57
Dogleg 66
Dogleg 74
Dogleg 143
Dogleg 173
Net 13
C85 14 76
T5 76 84
C24 84 103
C91 103 105
C91 105 112
C91 112 136
C51 136 236
Dogleg 76
Dogleg 84
Dogleg 103
Dogleg 105
Dogleg 112
Dogleg 136
Net 14
C38 19 43
C59 43 62
T5 62 73
C91 73 102
C54 102 130
C62 130 157
C5 157 263
Dogleg 43
Dogleg 62
Dogleg 73
Dogleg 102
Dogleg 130
Dogleg 157
Net 15
C20 8 24
C20 24 38
C19 38 141
C19 141 253
C17 253 259
Dogleg 24
Dogleg 38
Dogleg 141
Dogleg 253
Net 16
C56 37 44
C18 44 54
C18 54 58
C41 58 232
C83 232 264
Dogleg 44
Dogleg 54
Dogleg 58
Dogleg 232
Net 17
C69 6 46
C50 46 123
C11 123 140
C10 140 143
C10 143 180
C43 180 225
C92 225 238
Dogleg 46
Dogleg 123
Dogleg 140
Dogleg 143
Dogleg 180
Dogleg 225
Net 18
C86 47 73
C28 73 87
C28 87 108
C28 108 119
C4 119 157
C4 157 168
C66 168 198
Dogleg 73
Dogleg 87
Dogleg 108
Dogleg 119
Dogleg 157
Dogleg 168
Net 19
C77 179 234
Net 20
C67 186 245
Net 21
C66 37 70
C66 70 80
C67 80 140
C21 140 171
C8 171 243
C13 243 246
C81 246 260
Dogleg 70
Dogleg 80
Dogleg 140
Dogleg 171
Dogleg 243
Dogleg 246
Net 22
C43 55 80
C43 80 162
C43 162 165
Dogleg 80
Dogleg 162
Net 23
C82 0 92
C82 92 94
C11 94 98
C11 98 102
C29 102 206
C31 206 213
C91 213 218
Dogleg 92
Dogleg 94
Dogleg 98
Dogleg 102
Dogleg 206
Dogleg 213
Net 24
T10 9 16
C81 16 182
C81 182 193
C60 193 235
B5 235 238
Dogleg 16
Dogleg 182
Dogleg 193
Dogleg 235
Net 25
C67 26 35
C67 35 61
C90 61 158
C68 158 217
C68 217 227
Dogleg 35
Dogleg 61
Dogleg 158
Dogleg 217
Net 26
C45 51 97
C55 97 180
C82 180 226
Dogleg 97
Dogleg 180
Net 27
C78 110 212
Net 28
C52 125 169
C9 169 188
C10 188 261
Dogleg 169
Dogleg 188
Net 29
C38 59 115
C38 115 249
C88 249 257
Dogleg 115
Dogleg 249
Net 30
C90 20 25
T0 25 27
T0 27 41
C51 41 65
C51 65 135
C53 135 190
C92 190 222
Dogleg 25
Dogleg 27
Dogleg 41
Dogleg 65
Dogleg 135
Dogleg 190
Net 31
C65 38 96
C82 96 118
C24 118 223
Dogleg 96
Dogleg 118
Net 32
C61 100 201
C71 201 222
C83 222 231
Dogleg 201
Dogleg 222
Net 33
C40 3 12
C68 12 36
C68 36 141
C20 141 152
C26 152 257
Dogleg 12
Dogleg 36
Dogleg 141
Dogleg 152
Net 34
C37 43 67
C47 67 125
C50 125 135
C50 135 199
C28 199 213
Dogleg 67
Dogleg 125
Dogleg 135
Dogleg 199
Net 35
C34 7 189
Net 36
C91 32 72
C30 72 239
C77 239 254
Dogleg 72
Dogleg 239
Net 37
C59 176 197
Net 38
C27 114 181
C57 181 191
C57 191 193
C57 193 215
C81 215 233
Dogleg 181
Dogleg 191
Dogleg 193
Dogleg 215
Net 39
C44 53 137
Net 40
C55 17 74
C27 74 107
C33 107 116
C33 116 178
C44 178 266
Dogleg 74
Dogleg 107
Dogleg 116
Dogleg 178
Net 41
C84 14 51
Net 42
C54 28 75
C55 75 95
C15 95 118
C15 118 251
C82 251 260
Dogleg 75
Dogleg 95
Dogleg 118
Dogleg 251
Net 43
C18 69 90
C18 90 166
C18 166 259
Dogleg 90
Dogleg 166
Net 44
C48 63 133
C6 133 156
C6 156 263
Dogleg 133
Dogleg 156
Net 45
C73 28 49
C73 49 90
C22 90 101
C22 101 208
C75 208 234
C75 234 247
C43 247 266
Dogleg 49
Dogleg 90
Dogleg 101
Dogleg 208
Dogleg 234
Dogleg 247
Net 46
C52 13 81
C66 81 154
C20 154 197
Dogleg 81
Dogleg 154
Net 47
C89 5 21
C89 21 77
C89 77 122
C89 122 196
C89 196 231
Dogleg 21
Dogleg 77
Dogleg 122
Dogleg 196
Net 48
C12 82 246
Net 49
C31 77 185
Net 50
C79 17 39
C79 39 64
C79 64 165
C44 165 177
C52 177 205
C83 205 221
C79 221 264
Dogleg 39
Dogleg 64
Dogleg 165
Dogleg 177
Dogleg 205
Dogleg 221
Net 51
C29 25 72
C29 72 101
C59 101 151
C59 151 164
C74 164 241
Dogleg 72
Dogleg 101
Dogleg 151
Dogleg 164
Net 52
C72 33 115
C72 115 145
C72 145 201
Dogleg 115
Dogleg 145
Net 53
C67 64 78
C85 78 109
C85 109 199
Dogleg 78
Dogleg 109
Net 54
C56 75 106
C56 106 121
C56 121 194
Dogleg 106
Dogleg 121
Net 55
C90 195 218
Net 56
C48 50 60
Net 57
C57 44 150
C45 150 191
C55 191 204
Dogleg 150
Dogleg 191
Net 58
C92 2 22
C23 22 84
C16 84 120
C16 120 154
C16 154 192
C83 192 202
T8 202 210
Dogleg 22
Dogleg 84
Dogleg 120
Dogleg 154
Dogleg 192
Dogleg 202
Net 59
C75 26 148
Net 60
C10 50 94
C10 94 132
C82 132 152
C57 152 164
C13 164 228
Dogleg 94
Dogleg 132
Dogleg 152
Dogleg 164
Net 61
C61 42 60
C64 60 139
C64 139 142
C17 142 147
C17 147 159
C3 159 184
C11 184 208
Dogleg 60
Dogleg 139
Dogleg 142
Dogleg 147
Dogleg 159
Dogleg 184
Net 62
C60 10 100
C60 100 113
C60 113 163
C75 163 194
C81 194 202
Dogleg 100
Dogleg 113
Dogleg 163
Dogleg 194
Net 63
C13 98 127
C13 127 153
C82 153 175
C1 175 220
C1 220 240
Dogleg 127
Dogleg 153
Dogleg 175
Dogleg 220
Net 64
C63 40 83
C63 83 91
C73 91 167
C73 167 170
C73 170 252
Dogleg 83
Dogleg 91
Dogleg 167
Dogleg 170
Net 65
C70 6 34
C58 34 62
C32 62 104
C32 104 147
T1 147 171
C65 171 200
C87 200 265
Dogleg 34
Dogleg 62
Dogleg 104
Dogleg 147
Dogleg 171
Dogleg 200
Net 66
C34 190 224
Net 67
C47 29 63
C35 63 146
C35 146 173
C76 173 237
C91 237 262
Dogleg 63
Dogleg 146
Dogleg 173
Dogleg 237
Net 68
C64 40 59
T6 59 83
C80 83 117
C62 117 128
C21 128 136
C48 136 221
C72 221 256
Dogleg 59
Dogleg 83
Dogleg 117
Dogleg 128
Dogleg 136
Dogleg 221
Net 69
C20 54 103
C20 103 127
C28 127 160
C90 160 172
C90 172 192
Dogleg 103
Dogleg 127
Dogleg 160
Dogleg 172
Net 70
C91 4 31
Net 71
C77 11 18
C77 18 47
C69 47 111
C69 111 123
C69 123 217
Dogleg 18
Dogleg 47
Dogleg 111
Dogleg 123
Net 72
C84 52 86
C84 86 161
C84 161 176
C60 176 182
C80 182 211
C80 211 239
C92 239 253
Dogleg 86
Dogleg 161
Dogleg 176
Dogleg 182
Dogleg 211
Dogleg 239
Net 73
C22 22 85
C23 85 203
C85 203 211
Dogleg 85
Dogleg 203
Net 74
C76 49 93
C76 93 128
C76 128 145
C76 145 172
B0 172 209
B0 209 214
C78 214 242
Dogleg 93
Dogleg 128
Dogleg 145
Dogleg 172
Dogleg 209
Dogleg 214
Net 75
C25 81 158
Net 76
C37 70 96
C59 96 99
C9 99 160
C25 160 174
C62 174 200
C62 200 240
C89 240 262
Dogleg 96
Dogleg 99
Dogleg 160
Dogleg 174
Dogleg 200
Dogleg 240
Net 77
C21 24 85
C21 85 126
C47 126 146
C70 146 183
C70 183 207
C81 207 214
C85 214 258
Dogleg 85
Dogleg 126
Dogleg 146
Dogleg 183
Dogleg 207
Dogleg 214
Net 78
C88 32 48
C88 48 86
C88 86 236
Dogleg 48
Dogleg 86
Net 79
C26 79 150
C32 150 205
C50 205 223
Dogleg 150
Dogleg 205
Net 80
C42 68 131
Net 81
C80 16 71
C80 71 82
C52 82 113
C58 113 133
C58 133 156
C7 156 225
C9 225 261
Dogleg 71
Dogleg 82
Dogleg 113
Dogleg 133
Dogleg 156
Dogleg 225
Net 82
C33 67 104
C45 104 149
C47 149 204
C53 204 210
C20 210 219
Dogleg 104
Dogleg 149
Dogleg 204
Dogleg 210
Net 83
C90 5 19
C40 19 68
C40 68 78
C40 78 117
C40 117 185
Dogleg 19
Dogleg 68
Dogleg 78
Dogleg 117
Net 84
C46 29 209
Net 85
C92 153 187
C40 187 247
C42 247 250
C86 250 254
C92 254 256
Dogleg 187
Dogleg 247
Dogleg 250
Dogleg 254
Net 86
C25 39 79
C14 79 95
C14 95 243
Dogleg 79
Dogleg 95
Net 87
C53 13 89
C53 89 134
C54 134 177
C58 177 207
C66 207 235
Dogleg 89
Dogleg 134
Dogleg 177
Dogleg 207
Net 88
C41 3 57
Net 89
C77 111 142
C77 142 178
C54 178 215
Dogleg 142
Dogleg 178
Net 90
C78 18 105
C2 105 168
C2 168 220
C91 220 229
C61 229 248
C14 248 251
B7 251 267
Dogleg 105
Dogleg 168
Dogleg 220
Dogleg 229
Dogleg 248
Dogleg 251
Net 91
C44 138 161
C17 161 174
C17 174 184
Dogleg 161
Dogleg 174
Net 92
C62 42 116
C92 116 129
C20 129 137
C42 137 206
C32 206 230
Dogleg 116
Dogleg 129
Dogleg 137
Dogleg 206
Net 93
C76 21 48
C77 48 106
C78 106 109
C83 109 148
C83 148 169
C83 169 188
C17 188 203
Dogleg 48
Dogleg 106
Dogleg 109
Dogleg 148
Dogleg 169
Dogleg 188
Net 94
C76 11 15
Net 95
C36 56 249
Net 96
T10 0 7
C88 7 30
C92 30 91
C92 91 114
C52 114 122
C80 122 179
C84 179 265
Dogleg 7
Dogleg 30
Dogleg 91
Dogleg 114
Dogleg 122
Dogleg 179
Net 97
C49 46 255
Net 98
C39 8 12
C39 12 228
C90 228 252
Dogleg 12
Dogleg 228
Net 99
C70 35 36
C70 36 139
C87 139 155
Dogleg 36
Dogleg 139
Net 100
C56 45 65
C59 65 93
C63 93 110
C63 110 124
C63 124 248
T9 248 258
T9 258 267
Dogleg 65
Dogleg 93
Dogleg 110
Dogleg 124
Dogleg 248
Dogleg 258
