Channel density: 89
Net 1
C6 1 99
C6 99 167
Dogleg 99
C63 167 181
Dogleg 167
C63 181 183
Dogleg 181
C44 183 224
Dogleg 183
C49 224 230
Dogleg 224
C78 230 237
Dogleg 230
Net 2
C88 9 33
C88 33 55
Dogleg 33
T1 55 132
Dogleg 55
T1 132 138
Dogleg 132
T1 138 212
Dogleg 138
Net 3
C4 23 119
C4 119 121
Dogleg 119
C16 121 129
Dogleg 121
Net 4
C16 58 120
C83 120 130
Dogleg 120
C89 130 151
Dogleg 130
C61 151 198
Dogleg 151
C61 198 244
Dogleg 198
Net 5
C84 15 69
C84 69 92
Dogleg 69
C84 92 107
Dogleg 92
C28 107 149
Dogleg 107
C32 149 162
Dogleg 149
C45 162 166
Dogleg 162
C78 166 216
Dogleg 166
Net 6
C5 1 61
C60 61 87
Dogleg 61
C60 87 97
Dogleg 87
C62 97 159
Dogleg 97
C88 159 195
Dogleg 159
Net 7
C87 10 45
Net 8
C63 71 76
C81 76 89
Dogleg 76
C81 89 131
Dogleg 89
C83 131 144
Dogleg 131
C87 144 232
Dogleg 144
Net 9
B0 27 30
C73 30 112
Dogleg 30
C73 112 144
Dogleg 112
C74 144 155
Dogleg 144
C23 155 163
Dogleg 155
C32 163 187
Dogleg 163
C32 187 233
Dogleg 187
Net 10
C44 34 52
C44 52 88
Dogleg 52
C44 88 124
Dogleg 88
C52 124 126
Dogleg 124
C52 126 134
Dogleg 126
C52 134 189
Dogleg 134
C31 189 255
Dogleg 189
Net 11
C56 66 108
Net 12
B3 4 31
C72 31 57
Dogleg 31
C40 57 66
Dogleg 57
C50 66 74
Dogleg 66
C87 74 143
Dogleg 74
C9 143 173
Dogleg 143
C18 173 219
Dogleg 173
Net 13
C86 14 76
T5 76 84
Dogleg 76
C22 84 103
Dogleg 84
T0 103 105
Dogleg 103
T0 105 112
Dogleg 105
T0 112 136
Dogleg 112
C40 136 236
Dogleg 136
Net 14
C36 19 43
C58 43 62
Dogleg 43
T5 62 73
Dogleg 62
T0 73 102
Dogleg 73
C46 102 130
Dogleg 102
C46 130 157
Dogleg 130
C11 157 263
Dogleg 157
Net 15
B2 8 24
B2 24 38
Dogleg 24
C53 38 141
Dogleg 38
C53 141 253
Dogleg 141
B6 253 259
Dogleg 253
Net 16
C56 37 44
C17 44 54
Dogleg 44
C17 54 58
Dogleg 54
C72 58 232
Dogleg 58
C84 232 264
Dogleg 232
Net 17
C42 6 46
C54 46 123
Dogleg 46
C54 123 140
Dogleg 123
C4 140 143
Dogleg 140
C4 143 180
Dogleg 143
C45 180 225
Dogleg 180
C89 225 238
Dogleg 225
Net 18
C87 47 73
C27 73 87
Dogleg 73
C27 87 108
Dogleg 87
C34 108 119
Dogleg 108
C5 119 157
Dogleg 119
C5 157 168
Dogleg 157
C62 168 198
Dogleg 168
Net 19
C51 179 234
Net 20
C82 186 245
Net 21
C63 37 70
T4 70 80
Dogleg 70
C64 80 140
Dogleg 80
C66 140 171
Dogleg 140
B0 171 243
Dogleg 171
C10 243 246
Dogleg 243
T5 246 260
Dogleg 246
Net 22
C42 55 80
C63 80 162
Dogleg 80
C46 162 165
Dogleg 162
Net 23
C83 0 92
C83 92 94
Dogleg 92
C10 94 98
Dogleg 94
C10 98 102
Dogleg 98
C10 102 206
Dogleg 102
C16 206 213
Dogleg 206
T1 213 218
Dogleg 213
Net 24
T10 9 16
C82 16 182
Dogleg 16
T8 182 193
Dogleg 182
C75 193 235
Dogleg 193
B5 235 238
Dogleg 235
Net 25
B1 26 35
C64 35 61
Dogleg 35
C88 61 158
Dogleg 61
C56 158 217
Dogleg 158
C67 217 227
Dogleg 217
Net 26
C46 51 97
C49 97 180
Dogleg 97
T2 180 226
Dogleg 180
Net 27
C77 110 212
Net 28
C44 125 169
C15 169 188
Dogleg 169
C15 188 261
Dogleg 188
Net 29
C39 59 115
C39 115 249
Dogleg 115
T8 249 257
Dogleg 249
Net 30
C75 20 25
C75 25 27
Dogleg 25
C75 27 41
Dogleg 27
C55 41 65
Dogleg 41
C55 65 135
Dogleg 65
C55 135 190
Dogleg 135
C89 190 222
Dogleg 190
Net 31
C62 38 96
C83 96 118
Dogleg 96
C24 118 223
Dogleg 118
Net 32
C60 100 201
C66 201 222
Dogleg 201
C84 222 231
Dogleg 222
Net 33
C38 3 12
C65 12 36
Dogleg 12
C65 36 141
Dogleg 36
C54 141 152
Dogleg 141
C54 152 257
Dogleg 152
Net 34
C34 43 67
C43 67 125
Dogleg 67
C43 125 135
Dogleg 125
C43 135 199
Dogleg 135
C9 199 213
Dogleg 199
Net 35
C30 7 189
Net 36
T0 32 72
C29 72 239
Dogleg 72
B1 239 254
Dogleg 239
Net 37
C66 176 197
Net 38
C42 114 181
C49 181 191
Dogleg 181
C73 191 193
Dogleg 191
C73 193 215
Dogleg 193
C74 215 233
Dogleg 215
Net 39
C85 53 137
Net 40
C49 17 74
C26 74 107
Dogleg 74
C26 107 116
Dogleg 107
C27 116 178
Dogleg 116
C57 178 266
Dogleg 178
Net 41
C85 14 51
Net 42
C48 28 75
C49 75 95
Dogleg 75
C13 95 118
Dogleg 95
C22 118 251
Dogleg 118
T6 251 260
Dogleg 251
Net 43
C15 69 90
C15 90 166
Dogleg 90
C19 166 259
Dogleg 166
Net 44
C51 63 133
C11 133 156
Dogleg 133
C13 156 263
Dogleg 156
Net 45
C68 28 49
C68 49 90
Dogleg 49
C17 90 101
Dogleg 90
C17 101 208
Dogleg 101
C50 208 234
Dogleg 208
C50 234 247
Dogleg 234
C56 247 266
Dogleg 247
Net 46
C79 13 81
C79 81 154
Dogleg 81
C65 154 197
Dogleg 154
Net 47
T3 5 21
C74 21 77
Dogleg 21
C86 77 122
Dogleg 77
C86 122 196
Dogleg 122
C88 196 231
Dogleg 196
Net 48
C8 82 246
Net 49
C25 77 185
Net 50
C78 17 39
C78 39 64
Dogleg 39
C78 64 165
Dogleg 64
C48 165 177
Dogleg 165
C48 177 205
Dogleg 177
C84 205 221
Dogleg 205
C73 221 264
Dogleg 221
Net 51
C28 25 72
C28 72 101
Dogleg 72
C58 101 151
Dogleg 101
C58 151 164
Dogleg 151
C69 164 241
Dogleg 164
Net 52
C67 33 115
C67 115 145
Dogleg 115
C67 145 201
Dogleg 145
Net 53
C64 64 78
C74 78 109
Dogleg 78
C84 109 199
Dogleg 109
Net 54
C50 75 106
C50 106 121
Dogleg 106
C50 121 194
Dogleg 121
Net 55
T0 195 218
Net 56
C51 50 60
Net 57
C57 44 150
C35 150 191
Dogleg 150
C35 191 204
Dogleg 191
Net 58
T4 2 22
C21 22 84
Dogleg 22
C14 84 120
Dogleg 84
C14 120 154
Dogleg 120
C64 154 192
Dogleg 154
C79 192 202
Dogleg 192
T8 202 210
Dogleg 202
Net 59
C69 26 148
Net 60
C9 50 94
C9 94 132
Dogleg 94
C81 132 152
Dogleg 132
C57 152 164
Dogleg 152
C23 164 228
Dogleg 164
Net 61
C60 42 60
C61 60 139
Dogleg 60
C61 139 142
Dogleg 139
C16 142 147
Dogleg 142
C16 147 159
Dogleg 147
C2 159 184
Dogleg 159
C7 184 208
Dogleg 184
Net 62
C59 10 100
C59 100 113
Dogleg 100
C59 113 163
Dogleg 113
C74 163 194
Dogleg 163
C74 194 202
Dogleg 194
Net 63
C11 98 127
C13 127 153
Dogleg 127
C81 153 175
Dogleg 153
C1 175 220
Dogleg 175
C2 220 240
Dogleg 220
Net 64
C35 40 83
C35 83 91
Dogleg 83
C80 91 167
Dogleg 91
C80 167 170
Dogleg 167
C59 170 252
Dogleg 170
Net 65
C43 6 34
C43 34 62
Dogleg 34
C32 62 104
Dogleg 62
C32 104 147
Dogleg 104
C71 147 171
Dogleg 147
C80 171 200
Dogleg 171
C86 200 265
Dogleg 200
Net 66
C52 190 224
Net 67
C50 29 63
C31 63 146
Dogleg 63
C31 146 173
Dogleg 146
C83 173 237
Dogleg 173
C88 237 262
Dogleg 237
Net 68
C61 40 59
T6 59 83
Dogleg 59
C38 83 117
Dogleg 83
C38 117 128
Dogleg 117
C38 128 136
Dogleg 128
C38 136 221
Dogleg 136
C70 221 256
Dogleg 221
Net 69
C18 54 103
C18 103 127
Dogleg 103
C19 127 160
Dogleg 127
T0 160 172
Dogleg 160
T0 172 192
Dogleg 172
Net 70
T0 4 31
Net 71
C76 11 18
C76 18 47
Dogleg 18
C52 47 111
Dogleg 47
C68 111 123
Dogleg 111
C68 123 217
Dogleg 123
Net 72
C45 52 86
C45 86 161
Dogleg 86
C79 161 176
Dogleg 161
C81 176 182
Dogleg 176
C81 182 211
Dogleg 182
C81 211 239
Dogleg 211
C89 239 253
Dogleg 239
Net 73
C20 22 85
C21 85 203
Dogleg 85
T5 203 211
Dogleg 203
Net 74
C71 49 93
C71 93 128
Dogleg 93
C71 128 145
Dogleg 128
C83 145 172
Dogleg 145
C46 172 209
Dogleg 172
C46 209 214
Dogleg 209
C77 214 242
Dogleg 214
Net 75
C48 81 158
Net 76
C34 70 96
C58 96 99
Dogleg 96
C7 99 160
Dogleg 99
C16 160 174
Dogleg 160
C71 174 200
Dogleg 174
C71 200 240
Dogleg 200
C87 240 262
Dogleg 240
Net 77
C19 24 85
C19 85 126
Dogleg 85
C33 126 146
Dogleg 126
C73 146 183
Dogleg 146
T7 183 207
Dogleg 183
T7 207 214
Dogleg 207
C79 214 258
Dogleg 214
Net 78
C71 32 48
C76 48 86
Dogleg 48
C76 86 236
Dogleg 86
Net 79
C23 79 150
C28 150 205
Dogleg 150
C43 205 223
Dogleg 205
Net 80
C40 68 131
Net 81
C81 16 71
T3 71 82
Dogleg 71
C42 82 113
Dogleg 82
C56 113 133
Dogleg 113
C56 133 156
Dogleg 133
C14 156 225
Dogleg 156
C14 225 261
Dogleg 225
Net 82
C33 67 104
C35 104 149
Dogleg 104
C33 149 204
Dogleg 149
C33 204 210
Dogleg 204
C17 210 219
Dogleg 210
Net 83
T9 5 19
C38 19 68
Dogleg 19
C38 68 78
Dogleg 68
C24 78 117
Dogleg 78
C26 117 185
Dogleg 117
Net 84
C47 29 209
Net 85
C89 153 187
C42 187 247
Dogleg 187
B0 247 250
Dogleg 247
T7 250 254
Dogleg 250
T7 254 256
Dogleg 254
Net 86
C22 39 79
C12 79 95
Dogleg 79
C12 95 243
Dogleg 95
Net 87
C80 13 89
C20 89 134
Dogleg 89
C51 134 177
Dogleg 134
T6 177 207
Dogleg 177
C80 207 235
Dogleg 207
Net 88
C39 3 57
Net 89
C74 111 142
C85 142 178
Dogleg 142
C58 178 215
Dogleg 178
Net 90
C77 18 105
C3 105 168
Dogleg 105
C3 168 220
Dogleg 168
C78 220 229
Dogleg 220
B2 229 248
Dogleg 229
B2 248 251
Dogleg 248
B7 251 267
Dogleg 251
Net 91
C18 138 161
C7 161 174
Dogleg 161
C9 174 184
Dogleg 174
Net 92
C75 42 116
C89 116 129
Dogleg 116
C18 129 137
Dogleg 129
C20 137 206
Dogleg 137
C48 206 230
Dogleg 206
Net 93
C70 21 48
C70 48 106
Dogleg 48
C70 106 109
Dogleg 106
C70 109 148
Dogleg 109
C70 148 169
Dogleg 148
C70 169 188
Dogleg 169
C16 188 203
Dogleg 188
Net 94
B0 11 15
Net 95
C36 56 249
Net 96
T10 0 7
C89 7 30
Dogleg 7
C89 30 91
Dogleg 30
C89 91 114
Dogleg 91
C52 114 122
Dogleg 114
C75 122 179
Dogleg 122
C85 179 265
Dogleg 179
Net 97
C41 46 255
Net 98
B1 8 12
C37 12 228
Dogleg 12
C68 228 252
Dogleg 228
Net 99
C66 35 36
C66 36 139
Dogleg 36
T0 139 155
Dogleg 139
Net 100
C56 45 65
C58 65 93
Dogleg 65
C68 93 110
Dogleg 93
C33 110 124
Dogleg 110
C34 124 248
Dogleg 124
T9 248 258
Dogleg 248
T9 258 267
Dogleg 258
