Channel density: 102
Net 1
C20 71 91
C92 91 114
Dogleg 91
C92 114 160
Dogleg 114
C4 160 204
Dogleg 160
C39 204 214
Dogleg 204
C58 214 253
Dogleg 214
C58 253 328
Dogleg 253
C48 328 389
Dogleg 328
T2 389 392
Dogleg 389
Net 2
C75 217 261
C24 261 336
Dogleg 261
C95 336 368
Dogleg 336
Net 3
C15 70 85
C65 85 147
Dogleg 85
C65 147 156
Dogleg 147
C10 156 215
Dogleg 156
C10 215 230
Dogleg 215
C10 230 232
Dogleg 230
C97 232 315
Dogleg 232
C94 315 368
Dogleg 315
C61 368 380
Dogleg 368
Net 4
C28 35 133
C93 133 163
Dogleg 133
C92 163 231
Dogleg 163
C40 231 314
Dogleg 231
C27 314 351
Dogleg 314
C18 351 413
Dogleg 351
C32 413 421
Dogleg 413
Net 5
C42 12 75
C42 75 87
Dogleg 75
C15 87 220
Dogleg 87
C61 220 224
Dogleg 220
C61 224 243
Dogleg 224
C61 243 262
Dogleg 243
C44 262 281
Dogleg 262
C20 281 371
Dogleg 281
C19 371 408
Dogleg 371
Net 6
C48 176 283
Net 7
C21 25 120
C21 120 214
Dogleg 120
C20 214 279
Dogleg 214
Net 8
C68 5 42
C68 42 138
Dogleg 42
C47 138 153
Dogleg 138
C35 153 215
Dogleg 153
C21 215 246
Dogleg 215
C21 246 264
Dogleg 246
C70 264 289
Dogleg 264
C86 289 297
Dogleg 289
C86 297 365
Dogleg 297
C28 365 379
Dogleg 365
B1 379 380
Dogleg 379
C44 380 432
Dogleg 380
T0 432 437
Dogleg 432
Net 9
C52 102 120
C38 120 199
Dogleg 120
C38 199 260
Dogleg 199
C38 260 293
Dogleg 260
C18 293 309
Dogleg 293
C18 309 350
Dogleg 309
B0 350 353
Dogleg 350
C81 353 369
Dogleg 353
C81 369 415
Dogleg 369
C54 415 455
Dogleg 415
C3 455 460
Dogleg 455
Net 10
C66 111 156
C66 156 226
Dogleg 156
C19 226 233
Dogleg 226
C19 233 274
Dogleg 233
C19 274 276
Dogleg 274
C19 276 361
Dogleg 276
C5 361 367
Dogleg 361
C47 367 406
Dogleg 367
T1 406 410
Dogleg 406
Net 11
C84 22 33
C84 33 45
Dogleg 33
C69 45 93
Dogleg 45
C69 93 146
Dogleg 93
C32 146 158
Dogleg 146
C20 158 179
Dogleg 158
C11 179 194
Dogleg 179
C59 194 227
Dogleg 194
C46 227 322
Dogleg 227
Net 12
C44 172 259
C9 259 266
Dogleg 259
C9 266 354
Dogleg 266
Net 13
C86 37 61
C86 61 205
Dogleg 61
C4 205 338
Dogleg 205
C65 338 342
Dogleg 338
C82 342 353
Dogleg 342
Net 14
C2 126 182
C2 182 358
Dogleg 182
C1 358 439
Dogleg 358
Net 15
C11 14 39
C11 39 40
Dogleg 39
C11 40 43
Dogleg 40
C6 43 44
Dogleg 43
C30 44 59
Dogleg 44
C30 59 88
Dogleg 59
C25 88 166
Dogleg 88
C17 166 185
Dogleg 166
C17 185 209
Dogleg 185
C17 209 213
Dogleg 209
C17 213 257
Dogleg 213
C100 257 364
Dogleg 257
C100 364 394
Dogleg 364
T0 394 417
Dogleg 394
T0 417 429
Dogleg 417
Net 16
C2 87 113
C90 113 149
Dogleg 113
C90 149 219
Dogleg 149
C62 219 327
Dogleg 219
C39 327 346
Dogleg 327
C39 346 361
Dogleg 346
C27 361 375
Dogleg 361
Net 17
C13 16 69
C13 69 110
Dogleg 69
T2 110 137
Dogleg 110
T2 137 141
Dogleg 137
C59 141 187
Dogleg 141
C59 187 191
Dogleg 187
C25 191 287
Dogleg 191
C8 287 297
Dogleg 287
C85 297 318
Dogleg 297
Net 18
B0 0 122
Net 19
C2 4 18
C2 18 36
Dogleg 18
C2 36 86
Dogleg 36
C84 86 121
Dogleg 86
T4 121 132
Dogleg 121
T4 132 166
Dogleg 132
C78 166 261
Dogleg 166
C92 261 286
Dogleg 261
C99 286 299
Dogleg 286
C99 299 364
Dogleg 299
C9 364 384
Dogleg 364
C9 384 430
Dogleg 384
B1 430 436
Dogleg 430
Net 20
C23 29 43
C23 43 112
Dogleg 43
C13 112 127
Dogleg 112
C76 127 128
Dogleg 127
C76 128 148
Dogleg 128
C100 148 190
Dogleg 148
C100 190 195
Dogleg 190
C72 195 198
Dogleg 195
C72 198 317
Dogleg 198
C40 317 347
Dogleg 317
C35 347 370
Dogleg 347
C16 370 398
Dogleg 370
C16 398 426
Dogleg 398
Net 21
C41 75 228
C39 228 245
Dogleg 228
C39 245 300
Dogleg 245
C11 300 359
Dogleg 300
C2 359 402
Dogleg 359
C28 402 440
Dogleg 402
T0 440 444
Dogleg 440
C32 444 454
Dogleg 444
B1 454 458
Dogleg 454
Net 22
C12 16 60
C96 60 129
Dogleg 60
C96 129 185
Dogleg 129
C98 185 208
Dogleg 185
C98 208 245
Dogleg 208
C64 245 292
Dogleg 245
C64 292 308
Dogleg 292
C34 308 376
Dogleg 308
C27 376 388
Dogleg 376
C27 388 421
Dogleg 388
B0 421 455
Dogleg 421
Net 23
C11 49 57
C11 57 59
Dogleg 57
C11 59 139
Dogleg 59
C11 139 142
Dogleg 139
C11 142 177
Dogleg 142
C58 177 186
Dogleg 177
C58 186 204
Dogleg 186
C57 204 244
Dogleg 204
C57 244 253
Dogleg 244
C57 253 339
Dogleg 253
C57 339 405
Dogleg 339
C35 405 441
Dogleg 405
C15 441 450
Dogleg 441
Net 24
C26 34 90
C42 90 105
Dogleg 90
C75 105 134
Dogleg 105
C75 134 144
Dogleg 134
T2 144 193
Dogleg 144
C97 193 220
Dogleg 193
T1 220 223
Dogleg 220
C82 223 282
Dogleg 223
C60 282 404
Dogleg 282
C58 404 416
Dogleg 404
C47 416 454
Dogleg 416
Net 25
C71 32 33
C83 33 65
Dogleg 33
C83 65 125
Dogleg 65
C79 125 130
Dogleg 125
C32 130 143
Dogleg 130
C26 143 181
Dogleg 143
C26 181 249
Dogleg 181
C26 249 305
Dogleg 249
C14 305 383
Dogleg 305
C14 383 390
Dogleg 383
C46 390 409
Dogleg 390
C38 409 426
Dogleg 409
C17 426 440
Dogleg 426
Net 26
C30 89 109
C30 109 456
Dogleg 109
C7 456 461
Dogleg 456
Net 27
C37 52 207
C37 207 223
Dogleg 207
C3 223 230
Dogleg 223
C3 230 370
Dogleg 230
C3 370 447
Dogleg 370
Net 28
C33 49 97
C33 97 129
Dogleg 97
C95 129 170
Dogleg 129
C95 170 189
Dogleg 170
C69 189 240
Dogleg 189
C50 240 273
Dogleg 240
B1 273 312
Dogleg 273
C64 312 320
Dogleg 312
C59 320 348
Dogleg 320
C37 348 399
Dogleg 348
C35 399 402
Dogleg 399
T1 402 403
Dogleg 402
C94 403 451
Dogleg 403
Net 29
C25 30 84
C74 84 196
Dogleg 84
C74 196 307
Dogleg 196
C65 307 327
Dogleg 307
C64 327 412
Dogleg 327
Net 30
C94 56 133
C94 133 140
Dogleg 133
C97 140 189
Dogleg 140
C96 189 208
Dogleg 189
C79 208 221
Dogleg 208
C79 221 267
Dogleg 221
C31 267 275
Dogleg 267
C17 275 355
Dogleg 275
C54 355 390
Dogleg 355
Net 31
C16 135 175
C16 175 354
Dogleg 175
C16 354 362
Dogleg 354
Net 32
C6 45 97
C6 97 140
Dogleg 97
C6 140 193
Dogleg 140
C95 193 303
Dogleg 193
C93 303 403
Dogleg 303
Net 33
C75 148 162
Net 34
T2 3 58
T2 58 73
Dogleg 58
T2 73 78
Dogleg 73
T2 78 92
Dogleg 78
C87 92 183
Dogleg 92
C43 183 244
Dogleg 183
C24 244 249
Dogleg 244
C24 249 260
Dogleg 249
C17 260 274
Dogleg 260
C13 274 334
Dogleg 274
C13 334 348
Dogleg 334
B1 348 372
Dogleg 348
C20 372 414
Dogleg 372
Net 35
C70 100 146
C70 146 200
Dogleg 146
C70 200 254
Dogleg 200
C12 254 290
Dogleg 254
C12 290 448
Dogleg 290
Net 36
C16 21 40
C16 40 122
Dogleg 40
C16 122 132
Dogleg 122
C14 132 143
Dogleg 132
C14 143 158
Dogleg 143
C12 158 169
Dogleg 158
C12 169 186
Dogleg 169
C12 186 202
Dogleg 186
C55 202 211
Dogleg 202
T1 211 216
Dogleg 211
C34 216 240
Dogleg 216
C12 240 252
Dogleg 240
C32 252 269
Dogleg 252
C32 269 294
Dogleg 269
C31 294 344
Dogleg 294
Net 37
T4 7 118
C35 118 145
Dogleg 118
C28 145 295
Dogleg 145
C25 295 349
Dogleg 295
C13 349 400
Dogleg 349
Net 38
T3 2 98
C45 98 206
Dogleg 98
C14 206 210
Dogleg 206
C14 210 241
Dogleg 210
C34 241 294
Dogleg 241
C70 294 338
Dogleg 294
C66 338 372
Dogleg 338
C32 372 379
Dogleg 372
C32 379 387
Dogleg 379
C32 387 391
Dogleg 387
C14 391 400
Dogleg 391
T1 400 401
Dogleg 400
C37 401 443
Dogleg 401
Net 39
C47 99 136
C26 136 142
Dogleg 136
C22 142 263
Dogleg 142
C22 263 265
Dogleg 263
C21 265 417
Dogleg 265
Net 40
C34 50 64
C18 64 290
Dogleg 64
C41 290 443
Dogleg 290
Net 41
C18 23 51
C50 51 101
Dogleg 51
C67 101 111
Dogleg 101
C67 111 123
Dogleg 111
C39 123 203
Dogleg 123
C12 203 221
Dogleg 203
C76 221 237
Dogleg 221
C68 237 330
Dogleg 237
C36 330 432
Dogleg 330
Net 42
C27 34 207
C27 207 279
Dogleg 207
C23 279 295
Dogleg 279
C23 295 352
Dogleg 295
C70 352 428
Dogleg 352
Net 43
C4 11 46
C4 46 66
Dogleg 46
C34 66 79
Dogleg 66
C34 79 104
Dogleg 79
C8 104 126
Dogleg 104
C8 126 248
Dogleg 126
C8 248 284
Dogleg 248
C63 284 328
Dogleg 284
C62 328 424
Dogleg 328
Net 44
C72 10 28
C14 28 84
Dogleg 28
C14 84 102
Dogleg 84
C50 102 145
Dogleg 102
C40 145 150
Dogleg 145
C61 150 191
Dogleg 150
C61 191 219
Dogleg 191
C55 219 228
Dogleg 219
C47 228 271
Dogleg 228
C47 271 292
Dogleg 271
C5 292 325
Dogleg 292
C5 325 333
Dogleg 325
C5 333 360
Dogleg 333
C17 360 362
Dogleg 360
C17 362 397
Dogleg 362
Net 45
C38 66 105
Net 46
T4 1 6
C71 6 10
Dogleg 6
C10 10 53
Dogleg 10
C38 53 62
Dogleg 53
C38 62 63
Dogleg 62
C66 63 85
Dogleg 63
C66 85 107
Dogleg 85
C14 107 117
Dogleg 107
C55 117 164
Dogleg 117
C43 164 181
Dogleg 164
C34 181 212
Dogleg 181
C5 212 291
Dogleg 212
C42 291 300
Dogleg 291
C42 300 321
Dogleg 300
C42 321 374
Dogleg 321
Net 47
C10 54 72
C81 72 152
Dogleg 72
C81 152 155
Dogleg 152
C94 155 160
Dogleg 155
C94 160 250
Dogleg 160
C43 250 262
Dogleg 250
C43 262 282
Dogleg 262
C27 282 313
Dogleg 282
B1 313 321
Dogleg 313
B1 321 335
Dogleg 321
C53 335 377
Dogleg 335
C43 377 406
Dogleg 377
C14 406 441
Dogleg 406
B1 441 442
Dogleg 441
B1 442 449
Dogleg 442
Net 48
C18 52 62
C12 62 110
Dogleg 62
C12 110 155
Dogleg 110
C47 155 157
Dogleg 155
C47 157 172
Dogleg 157
C46 172 173
Dogleg 172
C65 173 218
Dogleg 173
C65 218 289
Dogleg 218
C10 289 448
Dogleg 289
Net 49
C91 113 114
C2 114 124
Dogleg 114
C52 124 345
Dogleg 124
Net 50
C33 27 48
C77 48 278
Dogleg 48
C77 278 284
Dogleg 278
C81 284 316
Dogleg 284
C79 316 369
Dogleg 316
C5 369 457
Dogleg 369
T6 457 458
Dogleg 457
Net 51
C5 8 46
C51 46 51
Dogleg 46
C51 51 180
Dogleg 51
C51 180 201
Dogleg 180
C51 201 206
Dogleg 201
T2 206 236
Dogleg 206
C42 236 250
Dogleg 236
C42 250 276
Dogleg 250
C31 276 286
Dogleg 276
C91 286 304
Dogleg 286
C91 304 306
Dogleg 304
C15 306 331
Dogleg 306
C15 331 359
Dogleg 331
Net 52
C19 24 79
C19 79 168
Dogleg 79
C19 168 217
Dogleg 168
C60 217 234
Dogleg 217
C59 234 319
Dogleg 234
C44 319 375
Dogleg 319
C42 375 422
Dogleg 375
C2 422 428
Dogleg 422
C68 428 434
Dogleg 428
Net 53
C7 48 323
Net 54
B0 123 341
Net 55
C29 329 433
Net 56
C1 2 21
C1 21 31
Dogleg 21
C30 31 38
Dogleg 31
C30 38 41
Dogleg 38
C22 41 76
Dogleg 41
C22 76 115
Dogleg 76
C22 115 141
Dogleg 115
C58 141 171
Dogleg 141
C50 171 238
Dogleg 171
C10 238 285
Dogleg 238
C48 285 322
Dogleg 285
C47 322 360
Dogleg 322
C23 360 381
Dogleg 360
C23 381 394
Dogleg 381
C23 394 419
Dogleg 394
Net 57
C33 131 188
C33 188 255
Dogleg 188
C89 255 268
Dogleg 255
Net 58
C29 57 118
C14 118 131
Dogleg 118
C13 131 163
Dogleg 131
C91 163 205
Dogleg 163
T3 205 222
Dogleg 205
C81 222 280
Dogleg 222
C79 280 299
Dogleg 280
C98 299 336
Dogleg 299
C97 336 393
Dogleg 336
Net 59
C25 7 17
C31 17 31
Dogleg 17
C31 31 35
Dogleg 31
C35 35 104
Dogleg 35
C55 104 108
Dogleg 104
C42 108 164
Dogleg 108
C13 164 173
Dogleg 164
C13 173 272
Dogleg 173
C78 272 296
Dogleg 272
C78 296 318
Dogleg 296
C43 318 358
Dogleg 318
C50 358 427
Dogleg 358
C48 427 435
Dogleg 427
Net 60
C56 117 452
Net 61
C69 5 9
C3 9 17
Dogleg 9
C24 17 29
Dogleg 17
C48 29 136
Dogleg 29
C48 136 174
Dogleg 136
C46 174 188
Dogleg 174
C46 188 225
Dogleg 188
C15 225 303
Dogleg 225
C92 303 306
Dogleg 303
C92 306 315
Dogleg 306
C76 315 352
Dogleg 315
C72 352 381
Dogleg 352
C28 381 401
Dogleg 381
C13 401 425
Dogleg 401
C55 425 453
Dogleg 425
Net 62
C82 121 130
C82 130 176
Dogleg 130
C55 176 196
Dogleg 176
C73 196 270
Dogleg 196
C73 270 326
Dogleg 270
C54 326 335
Dogleg 326
C54 335 343
Dogleg 335
C24 343 449
Dogleg 343
C1 449 459
Dogleg 449
Net 63
C73 28 128
C57 128 192
Dogleg 128
C57 192 198
Dogleg 192
C55 198 199
Dogleg 198
C100 199 231
Dogleg 199
C96 231 305
Dogleg 231
C36 305 323
Dogleg 305
C78 323 326
Dogleg 323
C78 326 332
Dogleg 326
C50 332 356
Dogleg 332
B0 356 373
Dogleg 356
C35 373 392
Dogleg 373
C32 392 411
Dogleg 392
C43 411 422
Dogleg 411
C43 422 423
Dogleg 422
Net 64
C40 71 76
C46 76 83
Dogleg 76
C46 83 171
Dogleg 83
C42 171 179
Dogleg 171
C42 179 229
Dogleg 179
C66 229 242
Dogleg 229
C66 242 298
Dogleg 242
C32 298 333
Dogleg 298
C55 333 343
Dogleg 333
C80 343 357
Dogleg 343
C80 357 382
Dogleg 357
C51 382 386
Dogleg 382
C51 386 415
Dogleg 386
Net 65
C10 73 112
C10 112 151
Dogleg 112
C79 151 154
Dogleg 151
C79 154 161
Dogleg 154
C40 161 197
Dogleg 161
C40 197 227
Dogleg 197
C37 227 288
Dogleg 227
C43 288 291
Dogleg 288
C43 291 293
Dogleg 291
C43 293 313
Dogleg 293
C74 313 405
Dogleg 313
Net 66
C24 30 58
C24 58 239
Dogleg 58
C85 239 272
Dogleg 239
Net 67
C8 13 19
C8 19 103
Dogleg 19
B1 103 248
Dogleg 103
B1 248 271
Dogleg 248
C6 271 461
Dogleg 271
Net 68
C53 169 201
C53 201 247
Dogleg 201
C87 247 267
Dogleg 247
C87 267 341
Dogleg 267
C4 341 447
Dogleg 341
Net 69
C89 15 36
C80 36 151
Dogleg 36
C80 151 152
Dogleg 151
C69 152 167
Dogleg 152
T4 167 182
Dogleg 167
T0 182 225
Dogleg 182
C102 225 257
Dogleg 225
C101 257 398
Dogleg 257
C17 398 423
Dogleg 398
Net 70
C40 349 445
Net 71
C31 44 74
C31 74 77
Dogleg 74
C31 77 94
Dogleg 77
T2 94 109
Dogleg 94
C35 109 116
Dogleg 109
C23 116 278
Dogleg 116
C76 278 312
Dogleg 278
C69 312 371
Dogleg 312
C26 371 410
Dogleg 371
Net 72
C20 24 69
C71 69 264
Dogleg 69
C71 264 442
Dogleg 264
Net 73
C70 6 9
C70 9 32
Dogleg 9
C1 32 100
Dogleg 32
C1 100 254
Dogleg 100
C1 254 277
Dogleg 254
C1 277 309
Dogleg 277
C1 309 357
Dogleg 309
C78 357 366
Dogleg 357
C78 366 367
Dogleg 366
C59 367 386
Dogleg 367
C59 386 393
Dogleg 386
C54 393 396
Dogleg 393
C52 396 453
Dogleg 396
Net 74
T1 1 202
C84 202 310
Dogleg 202
C84 310 311
Dogleg 310
C39 311 325
Dogleg 311
C81 325 340
Dogleg 325
Net 75
C22 4 25
C22 25 39
Dogleg 25
C98 39 68
Dogleg 39
C98 68 78
Dogleg 68
C40 78 80
Dogleg 78
C40 80 88
Dogleg 80
C40 88 96
Dogleg 88
C40 96 139
Dogleg 96
C83 139 161
Dogleg 139
C80 161 268
Dogleg 161
C45 268 277
Dogleg 268
C75 277 363
Dogleg 277
C75 363 376
Dogleg 363
C91 376 378
Dogleg 376
C91 378 412
Dogleg 378
Net 76
C97 60 68
C9 68 226
Dogleg 68
C9 226 258
Dogleg 226
C33 258 263
Dogleg 258
C69 263 308
Dogleg 263
C66 308 331
Dogleg 308
C46 331 389
Dogleg 331
Net 77
C29 38 55
C53 55 124
Dogleg 55
C53 124 167
Dogleg 124
C68 167 178
Dogleg 167
C68 178 184
Dogleg 178
C68 184 235
Dogleg 184
C41 235 287
Dogleg 235
C82 287 319
Dogleg 287
C72 319 340
Dogleg 319
C32 340 351
Dogleg 340
C55 351 355
Dogleg 351
C55 355 404
Dogleg 355
C2 404 419
Dogleg 404
B1 419 424
Dogleg 419
C15 424 430
Dogleg 424
Net 78
C88 15 183
Net 79
C44 80 170
C93 170 247
Dogleg 170
C88 247 356
Dogleg 247
Net 80
C15 20 64
C15 64 67
Dogleg 64
C4 67 159
Dogleg 67
C29 159 233
Dogleg 159
C29 233 324
Dogleg 233
C7 324 408
Dogleg 324
B2 408 409
Dogleg 408
C19 409 418
Dogleg 409
C18 418 435
Dogleg 418
Net 81
C17 22 47
C17 47 67
Dogleg 47
C17 67 119
Dogleg 67
C17 119 165
Dogleg 119
C63 165 187
Dogleg 165
C63 187 237
Dogleg 187
C60 237 259
Dogleg 237
C60 259 280
Dogleg 259
C45 280 288
Dogleg 280
C44 288 302
Dogleg 288
C34 302 307
Dogleg 302
C26 307 365
Dogleg 307
C11 365 385
Dogleg 365
C11 385 438
Dogleg 385
B1 438 439
Dogleg 438
Net 82
C45 83 90
T0 90 95
Dogleg 90
T0 95 175
Dogleg 95
C47 175 224
Dogleg 175
C12 224 235
Dogleg 224
C6 235 270
Dogleg 235
C61 270 347
Dogleg 270
C52 347 395
Dogleg 347
T2 395 413
Dogleg 395
C46 413 427
Dogleg 413
C7 427 446
Dogleg 427
C95 446 451
Dogleg 446
T0 451 456
Dogleg 451
Net 83
C14 20 23
C14 23 27
Dogleg 23
C32 27 41
Dogleg 27
C32 41 74
Dogleg 41
C32 74 125
Dogleg 74
C78 125 127
Dogleg 125
C78 127 154
Dogleg 127
C76 154 184
Dogleg 154
C101 184 195
Dogleg 184
C101 195 229
Dogleg 195
C83 229 310
Dogleg 229
C37 310 332
Dogleg 310
C37 332 346
Dogleg 332
C33 346 407
Dogleg 346
C33 407 436
Dogleg 407
Net 84
C7 13 47
C5 47 94
Dogleg 47
C5 94 211
Dogleg 94
C51 211 252
Dogleg 211
C51 252 256
Dogleg 252
C51 256 258
Dogleg 256
C51 258 339
Dogleg 258
C22 339 414
Dogleg 339
C22 414 431
Dogleg 414
Net 85
C43 8 12
C43 12 82
Dogleg 12
C43 82 157
Dogleg 82
C36 157 275
Dogleg 157
C50 275 281
Dogleg 275
C50 281 301
Dogleg 281
C38 301 399
Dogleg 301
Net 86
C14 103 106
C72 106 107
Dogleg 106
C72 107 162
Dogleg 107
C14 162 197
Dogleg 162
C6 197 210
Dogleg 197
C6 210 234
Dogleg 210
C55 234 273
Dogleg 234
C55 273 329
Dogleg 273
C63 329 337
Dogleg 329
C63 337 383
Dogleg 337
C53 383 388
Dogleg 383
C53 388 437
Dogleg 388
C2 437 459
Dogleg 437
Net 87
C54 37 55
C54 55 135
Dogleg 55
C54 135 159
Dogleg 135
C32 159 192
Dogleg 159
C32 192 236
Dogleg 192
C32 236 246
Dogleg 236
C32 246 251
Dogleg 246
C53 251 302
Dogleg 251
C45 302 316
Dogleg 302
C77 316 317
Dogleg 316
C77 317 366
Dogleg 317
C15 366 418
Dogleg 366
B2 418 431
Dogleg 418
B2 431 457
Dogleg 431
C4 457 460
Dogleg 457
Net 88
T0 3 26
T0 26 70
Dogleg 26
T0 70 77
Dogleg 70
T0 77 89
Dogleg 77
C36 89 147
Dogleg 89
C64 147 165
Dogleg 147
C64 165 242
Dogleg 165
C14 242 251
Dogleg 242
C14 251 304
Dogleg 251
C89 304 311
Dogleg 304
C89 311 378
Dogleg 311
Net 89
C95 56 91
C93 91 116
Dogleg 91
C62 116 150
Dogleg 116
C62 150 218
Dogleg 150
C54 218 238
Dogleg 218
C54 238 320
Dogleg 238
C45 320 433
Dogleg 320
Net 90
C85 61 86
C85 86 92
Dogleg 86
C20 92 115
Dogleg 92
C20 115 149
Dogleg 115
C89 149 239
Dogleg 149
C86 239 285
Dogleg 239
C77 285 296
Dogleg 285
C28 296 344
Dogleg 296
C28 344 350
Dogleg 344
C25 350 374
Dogleg 350
C25 374 438
Dogleg 374
Net 91
C67 178 256
C67 256 434
Dogleg 256
C16 434 450
Dogleg 434
Net 92
C96 334 446
Net 93
C34 377 420
Net 94
C9 14 53
C9 53 65
Dogleg 53
C82 65 72
Dogleg 65
C82 72 99
Dogleg 72
T3 99 137
Dogleg 99
T3 137 177
Dogleg 137
C60 177 200
Dogleg 177
C11 200 298
Dogleg 200
C8 298 314
Dogleg 298
C8 314 425
Dogleg 314
B1 425 429
Dogleg 425
Net 95
C76 106 119
C29 119 153
Dogleg 119
C3 153 222
Dogleg 153
C35 222 324
Dogleg 222
C35 324 345
Dogleg 324
C31 345 396
Dogleg 345
C48 396 411
Dogleg 396
Net 96
T5 0 11
C6 11 42
Dogleg 11
C67 42 63
Dogleg 42
C67 63 93
Dogleg 63
C26 93 98
Dogleg 93
C26 98 134
Dogleg 98
C73 134 138
Dogleg 134
C73 138 168
Dogleg 138
C25 168 190
Dogleg 168
C99 190 232
Dogleg 190
T3 232 241
Dogleg 232
C63 241 283
Dogleg 241
C80 283 330
Dogleg 283
C73 330 363
Dogleg 330
C39 363 420
Dogleg 363
Net 97
C39 96 108
C34 108 180
Dogleg 108
C20 180 209
Dogleg 180
C45 209 265
Dogleg 209
C33 265 342
Dogleg 265
C51 342 373
Dogleg 342
C82 373 382
Dogleg 373
Net 98
C39 54 95
C31 95 216
Dogleg 95
C31 216 266
Dogleg 216
C22 266 269
Dogleg 266
C22 269 301
Dogleg 269
C22 301 337
Dogleg 301
C58 337 387
Dogleg 337
Net 99
C36 50 81
C36 81 82
Dogleg 81
B1 82 101
Dogleg 82
C49 101 212
Dogleg 101
C49 212 397
Dogleg 212
C31 397 444
Dogleg 397
C1 444 445
Dogleg 444
Net 100
C3 19 26
C3 26 144
Dogleg 26
C60 144 174
Dogleg 144
C54 174 213
Dogleg 174
C91 213 255
Dogleg 213
C90 255 391
Dogleg 255
C48 391 395
Dogleg 391
