Channel density: 108
Net 1
C41 29 41
B7 41 68
Dogleg 41
C15 68 256
Dogleg 68
C15 256 269
Dogleg 256
C54 269 303
Dogleg 269
C87 303 357
Dogleg 303
T9 357 379
Dogleg 357
Net 2
C101 13 18
C9 18 97
Dogleg 18
C9 97 126
Dogleg 97
T1 126 161
Dogleg 126
T1 161 202
Dogleg 161
C87 202 251
Dogleg 202
C96 251 313
Dogleg 251
C31 313 338
Dogleg 313
C32 338 372
Dogleg 338
C53 372 393
Dogleg 372
C55 393 475
Dogleg 393
C102 475 490
Dogleg 475
C100 490 539
Dogleg 490
Net 3
C8 18 50
C73 50 246
Dogleg 50
C105 246 294
Dogleg 246
C1 294 311
Dogleg 294
C1 311 333
Dogleg 311
C40 333 352
Dogleg 333
C20 352 404
Dogleg 352
C24 404 478
Dogleg 404
C62 478 508
Dogleg 478
Net 4
C70 175 183
C70 183 266
Dogleg 183
C70 266 339
Dogleg 266
C100 339 449
Dogleg 339
C100 449 488
Dogleg 449
C69 488 496
Dogleg 488
C69 496 556
Dogleg 496
Net 5
C78 70 74
C78 74 150
Dogleg 74
C25 150 195
Dogleg 150
C32 195 324
Dogleg 195
C96 324 342
Dogleg 324
C96 342 359
Dogleg 342
T7 359 397
Dogleg 359
C71 397 406
Dogleg 397
C46 406 417
Dogleg 406
C46 417 500
Dogleg 417
C89 500 507
Dogleg 500
C92 507 537
Dogleg 507
C104 537 566
Dogleg 537
Net 6
C54 133 260
C41 260 272
Dogleg 260
C41 272 310
Dogleg 272
T10 310 426
Dogleg 310
C82 426 467
Dogleg 426
C85 467 496
Dogleg 467
C71 496 551
Dogleg 496
B10 551 558
Dogleg 551
C108 558 559
Dogleg 558
Net 7
B2 17 81
C55 81 152
Dogleg 81
B15 152 178
Dogleg 152
C92 178 185
Dogleg 178
C36 185 304
Dogleg 185
C86 304 389
Dogleg 304
C65 389 488
Dogleg 389
Net 8
C76 44 107
C76 107 127
Dogleg 107
B17 127 146
Dogleg 127
B17 146 160
Dogleg 146
C47 160 265
Dogleg 160
T6 265 322
Dogleg 265
T6 322 337
Dogleg 322
C78 337 355
Dogleg 337
C63 355 397
Dogleg 355
C67 397 431
Dogleg 397
C75 431 448
Dogleg 431
Net 9
C58 78 181
C58 181 260
Dogleg 181
T10 260 309
Dogleg 260
C54 309 331
Dogleg 309
C55 331 381
Dogleg 331
T0 381 442
Dogleg 381
T0 442 538
Dogleg 442
Net 10
B2 124 189
B9 189 201
Dogleg 189
C31 201 302
Dogleg 201
C14 302 373
Dogleg 302
C14 373 390
Dogleg 373
C35 390 428
Dogleg 390
C78 428 494
Dogleg 428
C93 494 541
Dogleg 494
T2 541 554
Dogleg 541
Net 11
B6 42 47
B6 47 83
Dogleg 47
B8 83 100
Dogleg 83
C50 100 104
Dogleg 100
C66 104 199
Dogleg 104
C18 199 213
Dogleg 199
C18 213 292
Dogleg 213
C19 292 375
Dogleg 292
C19 375 432
Dogleg 375
C23 432 479
Dogleg 432
C76 479 543
Dogleg 479
Net 12
C91 42 80
C91 80 98
Dogleg 80
C30 98 130
Dogleg 98
B16 130 138
Dogleg 130
C47 138 140
Dogleg 138
C71 140 164
Dogleg 140
C71 164 171
Dogleg 164
C56 171 183
Dogleg 171
C56 183 201
Dogleg 183
C41 201 206
Dogleg 201
C41 206 215
Dogleg 206
C88 215 344
Dogleg 215
C5 344 466
Dogleg 344
B5 466 481
Dogleg 466
C71 481 489
Dogleg 481
Net 13
C64 75 192
C3 192 220
Dogleg 192
C3 220 273
Dogleg 220
C33 273 341
Dogleg 273
C77 341 382
Dogleg 341
T8 382 421
Dogleg 382
C10 421 518
Dogleg 421
Net 14
C67 208 210
C63 210 353
Dogleg 210
C9 353 421
Dogleg 353
C9 421 495
Dogleg 421
C91 495 536
Dogleg 495
Net 15
B10 8 26
C91 26 39
Dogleg 26
C67 39 67
Dogleg 39
C67 67 138
Dogleg 67
C88 138 163
Dogleg 138
B17 163 166
Dogleg 163
C19 166 249
Dogleg 166
T6 249 263
Dogleg 249
C68 263 327
Dogleg 263
C68 327 336
Dogleg 327
C10 336 354
Dogleg 336
C11 354 425
Dogleg 354
C91 425 427
Dogleg 425
C91 427 456
Dogleg 427
C79 456 511
Dogleg 456
Net 16
C80 3 35
C80 35 226
Dogleg 35
C101 226 305
Dogleg 226
C61 305 382
Dogleg 305
C72 382 551
Dogleg 382
Net 17
C35 19 120
C35 120 366
Dogleg 120
C78 366 426
Dogleg 366
C79 426 439
Dogleg 426
C48 439 471
Dogleg 439
Net 18
C45 108 133
C53 133 203
Dogleg 133
C56 203 225
Dogleg 203
C14 225 238
Dogleg 225
B0 238 250
Dogleg 238
C81 250 280
Dogleg 250
C83 280 355
Dogleg 280
T7 355 358
Dogleg 355
C103 358 436
Dogleg 358
C57 436 485
Dogleg 436
C70 485 527
Dogleg 485
C106 527 531
Dogleg 527
C106 531 550
Dogleg 531
Net 19
C95 21 26
C95 26 73
Dogleg 26
C95 73 77
Dogleg 73
C95 77 116
Dogleg 77
C95 116 189
Dogleg 116
C75 189 254
Dogleg 189
C75 254 424
Dogleg 254
C93 424 490
Dogleg 424
C97 490 549
Dogleg 490
Net 20
B14 32 55
C38 55 112
Dogleg 55
C40 112 237
Dogleg 112
C7 237 296
Dogleg 237
C7 296 411
Dogleg 296
C84 411 452
Dogleg 411
C85 452 460
Dogleg 452
C75 460 494
Dogleg 460
C75 494 509
Dogleg 494
C11 509 534
Dogleg 509
B8 534 562
Dogleg 534
Net 21
C65 59 222
C65 222 258
Dogleg 222
C67 258 393
Dogleg 258
C102 393 472
Dogleg 393
B4 472 502
Dogleg 472
Net 22
C107 4 241
C53 241 332
Dogleg 241
C54 332 455
Dogleg 332
B10 455 468
Dogleg 455
C84 468 477
Dogleg 468
Net 23
C52 0 241
B11 241 243
Dogleg 241
B11 243 255
Dogleg 243
C43 255 272
Dogleg 255
C91 272 295
Dogleg 272
C82 295 365
Dogleg 295
C88 365 394
Dogleg 365
C88 394 398
Dogleg 394
T9 398 408
Dogleg 398
T5 408 443
Dogleg 408
T5 443 487
Dogleg 443
T5 487 528
Dogleg 487
T5 528 533
Dogleg 528
Net 24
C77 91 93
C77 93 108
Dogleg 93
C77 108 119
Dogleg 108
C77 119 158
Dogleg 119
C92 158 177
Dogleg 158
C39 177 290
Dogleg 177
C39 290 343
Dogleg 290
C93 343 350
Dogleg 343
C93 350 371
Dogleg 350
Net 25
C102 11 45
C102 45 66
Dogleg 45
C46 66 106
Dogleg 66
C46 106 203
Dogleg 106
C46 203 205
Dogleg 203
C78 205 224
Dogleg 205
C94 224 285
Dogleg 224
C94 285 314
Dogleg 285
C97 314 448
Dogleg 314
C99 448 507
Dogleg 448
T7 507 516
Dogleg 507
Net 26
C77 43 79
C108 79 81
Dogleg 79
C108 81 84
Dogleg 81
C108 84 143
Dogleg 84
C108 143 236
Dogleg 143
C56 236 280
Dogleg 236
C76 280 325
Dogleg 280
C94 325 338
Dogleg 325
C34 338 461
Dogleg 338
B6 461 492
Dogleg 461
C74 492 565
Dogleg 492
Net 27
C97 20 56
C97 56 82
Dogleg 56
C97 82 163
Dogleg 82
C97 163 257
Dogleg 163
C97 257 268
Dogleg 257
C104 268 281
Dogleg 268
C56 281 297
Dogleg 281
C58 297 347
Dogleg 297
C88 347 364
Dogleg 347
C89 364 365
Dogleg 364
C89 365 385
Dogleg 365
C107 385 388
Dogleg 385
C107 388 410
Dogleg 388
C101 410 419
Dogleg 410
C87 419 447
Dogleg 419
Net 28
B5 13 14
B5 14 36
Dogleg 14
B10 36 62
Dogleg 36
C56 62 168
Dogleg 62
B17 168 176
Dogleg 168
B4 176 231
Dogleg 176
C29 231 267
Dogleg 231
C47 267 378
Dogleg 267
C49 378 390
Dogleg 378
C101 390 406
Dogleg 390
C76 406 429
Dogleg 406
C76 429 440
Dogleg 429
T3 440 469
Dogleg 440
C43 469 506
Dogleg 469
C44 506 547
Dogleg 506
Net 29
C87 85 113
C12 113 270
Dogleg 113
C12 270 392
Dogleg 270
C86 392 454
Dogleg 392
C86 454 467
Dogleg 454
C86 467 515
Dogleg 467
C39 515 540
Dogleg 515
Net 30
C101 19 45
C101 45 64
Dogleg 45
C84 64 77
Dogleg 64
C29 77 167
Dogleg 77
C29 167 227
Dogleg 167
C85 227 274
Dogleg 227
C85 274 316
Dogleg 274
C85 316 385
Dogleg 316
C37 385 412
Dogleg 385
Net 31
C75 44 54
C103 54 158
Dogleg 54
C103 158 220
Dogleg 158
C4 220 232
Dogleg 220
B4 232 240
Dogleg 232
C42 240 290
Dogleg 240
C40 290 310
Dogleg 290
C23 310 368
Dogleg 310
C25 368 432
Dogleg 368
C104 432 530
Dogleg 432
C104 530 535
Dogleg 530
C107 535 542
Dogleg 535
C107 542 549
Dogleg 542
Net 32
C38 119 142
B16 142 162
Dogleg 142
C44 162 279
Dogleg 162
C49 279 283
Dogleg 279
C92 283 341
Dogleg 283
T6 341 402
Dogleg 341
T6 402 429
Dogleg 402
C77 429 482
Dogleg 429
C95 482 524
Dogleg 482
Net 33
C87 43 47
B5 47 86
Dogleg 47
C37 86 96
Dogleg 86
C106 96 107
Dogleg 96
C106 107 141
Dogleg 107
C81 141 165
Dogleg 141
B16 165 174
Dogleg 165
C42 174 238
Dogleg 174
C82 238 287
Dogleg 238
C49 287 305
Dogleg 287
C56 305 445
Dogleg 305
C61 445 489
Dogleg 445
C68 489 514
Dogleg 489
Net 34
C104 5 129
C26 129 309
Dogleg 129
C50 309 369
Dogleg 309
C51 369 389
Dogleg 369
C61 389 437
Dogleg 389
Net 35
C62 40 221
C20 221 230
Dogleg 221
C34 230 277
Dogleg 230
C52 277 326
Dogleg 277
C60 326 346
Dogleg 326
C64 346 451
Dogleg 346
B2 451 536
Dogleg 451
Net 36
B11 145 171
C23 171 271
Dogleg 171
C23 271 300
Dogleg 271
C91 300 304
Dogleg 300
C91 304 307
Dogleg 304
C95 307 428
Dogleg 307
C95 428 435
Dogleg 428
C95 435 444
Dogleg 435
C95 444 462
Dogleg 444
B5 462 463
Dogleg 462
C95 463 480
Dogleg 463
Net 37
C89 23 193
C89 193 230
Dogleg 193
C46 230 405
Dogleg 230
C47 405 480
Dogleg 405
C74 480 485
Dogleg 480
C97 485 487
Dogleg 485
B3 487 501
Dogleg 487
Net 38
C37 105 273
C89 273 286
Dogleg 273
C95 286 291
Dogleg 286
T5 291 327
Dogleg 291
C72 327 360
Dogleg 327
C72 360 380
Dogleg 360
T1 380 495
Dogleg 380
Net 39
C61 76 84
C106 84 86
Dogleg 84
C41 86 111
Dogleg 86
C42 111 122
Dogleg 111
C82 122 165
Dogleg 122
C82 165 214
Dogleg 165
C91 214 262
Dogleg 214
C91 262 268
Dogleg 262
C58 268 293
Dogleg 268
C4 293 335
Dogleg 293
C4 335 370
Dogleg 335
C58 370 438
Dogleg 370
C58 438 564
Dogleg 438
Net 40
B6 11 30
C21 30 217
Dogleg 30
C21 217 459
Dogleg 217
C22 459 479
Dogleg 459
C22 479 563
Dogleg 479
Net 41
C88 23 57
C69 57 204
Dogleg 57
C81 204 248
Dogleg 204
C51 248 288
Dogleg 248
C51 288 330
Dogleg 288
T5 330 396
Dogleg 330
C82 396 420
Dogleg 396
C33 420 544
Dogleg 420
B12 544 556
Dogleg 544
Net 42
T2 137 146
C94 146 218
Dogleg 146
C53 218 233
Dogleg 218
C76 233 279
Dogleg 233
C93 279 319
Dogleg 279
C62 319 465
Dogleg 319
B0 465 529
Dogleg 465
Net 43
C96 12 56
C75 56 184
Dogleg 56
C75 184 187
Dogleg 184
B5 187 264
Dogleg 187
C74 264 360
Dogleg 264
C102 360 379
Dogleg 360
C47 379 395
Dogleg 379
C17 395 422
Dogleg 395
C17 422 434
Dogleg 422
C59 434 438
Dogleg 434
C61 438 440
Dogleg 438
C35 440 483
Dogleg 440
B7 483 493
Dogleg 483
B7 493 504
Dogleg 493
C61 504 519
Dogleg 504
Net 44
B13 32 88
C7 88 131
Dogleg 88
B15 131 147
Dogleg 131
C67 147 154
Dogleg 147
C96 154 157
Dogleg 154
C96 157 160
Dogleg 157
C50 160 303
Dogleg 160
C50 303 308
Dogleg 303
C48 308 315
Dogleg 308
C48 315 417
Dogleg 315
C96 417 455
Dogleg 417
C96 455 523
Dogleg 455
C101 523 539
Dogleg 523
T0 539 554
Dogleg 539
T0 554 558
Dogleg 554
Net 45
C106 4 61
C36 61 96
Dogleg 61
C36 96 114
Dogleg 96
C39 114 134
Dogleg 114
C101 134 194
Dogleg 134
C101 194 216
Dogleg 194
C67 216 224
Dogleg 216
C69 224 478
Dogleg 224
C84 478 511
Dogleg 478
Net 46
C94 21 122
C94 122 139
Dogleg 122
C104 139 198
Dogleg 139
C104 198 261
Dogleg 198
T9 261 317
Dogleg 261
T9 317 356
Dogleg 317
C33 356 366
Dogleg 356
C33 366 404
Dogleg 366
C26 404 418
Dogleg 404
C26 418 500
Dogleg 418
C45 500 506
Dogleg 500
T8 506 521
Dogleg 506
T8 521 557
Dogleg 521
Net 47
C82 28 120
C36 120 134
Dogleg 120
C36 134 156
Dogleg 134
C67 156 174
Dogleg 156
C74 174 179
Dogleg 174
C87 179 190
Dogleg 179
C41 190 200
Dogleg 190
C16 200 249
Dogleg 200
C16 249 256
Dogleg 249
C87 256 299
Dogleg 256
C25 299 328
Dogleg 299
C26 328 349
Dogleg 328
C70 349 387
Dogleg 349
C70 387 482
Dogleg 387
B5 482 493
Dogleg 482
Net 48
C74 46 168
C81 168 172
Dogleg 168
C81 172 191
Dogleg 172
C95 191 277
Dogleg 191
C95 277 285
Dogleg 277
T1 285 311
Dogleg 285
C2 311 329
Dogleg 311
C2 329 357
Dogleg 329
C60 357 415
Dogleg 357
C71 415 477
Dogleg 415
C81 477 492
Dogleg 477
C102 492 498
Dogleg 492
C14 498 513
Dogleg 498
C14 513 526
Dogleg 513
C107 526 533
Dogleg 526
Net 49
B0 1 10
B7 10 39
Dogleg 10
C66 39 68
Dogleg 39
C22 68 99
Dogleg 68
C22 99 123
Dogleg 99
B3 123 144
Dogleg 123
B12 144 161
Dogleg 144
C96 161 170
Dogleg 161
C96 170 179
Dogleg 170
C96 179 250
Dogleg 179
C99 250 320
Dogleg 250
C99 320 321
Dogleg 320
C99 321 447
Dogleg 321
Net 50
C91 16 24
C33 24 63
Dogleg 24
C33 63 117
Dogleg 63
C63 117 209
Dogleg 117
C64 209 226
Dogleg 209
C78 226 334
Dogleg 226
C103 334 354
Dogleg 334
C13 354 498
Dogleg 354
C13 498 518
Dogleg 498
Net 51
C84 33 60
C96 60 124
Dogleg 60
T2 124 129
Dogleg 124
T3 129 166
Dogleg 129
C20 166 219
Dogleg 166
C5 219 284
Dogleg 219
C5 284 335
Dogleg 284
C93 335 342
Dogleg 335
C94 342 445
Dogleg 342
C94 445 474
Dogleg 445
C64 474 510
Dogleg 474
C65 510 519
Dogleg 510
T7 519 555
Dogleg 519
Net 52
C93 22 276
T0 276 317
Dogleg 276
C72 317 325
Dogleg 317
C42 325 414
Dogleg 325
C16 414 476
Dogleg 414
B9 476 508
Dogleg 476
C60 508 561
Dogleg 508
Net 53
C105 5 142
C106 142 251
Dogleg 142
T5 251 289
Dogleg 251
C82 289 291
Dogleg 289
C43 291 456
Dogleg 291
B9 456 462
Dogleg 456
B9 462 463
Dogleg 462
B9 463 472
Dogleg 463
B10 472 491
Dogleg 472
Net 54
C98 6 30
C98 30 85
Dogleg 30
C98 85 87
Dogleg 85
C98 87 145
Dogleg 87
C98 145 169
Dogleg 145
C98 169 180
Dogleg 169
C98 180 197
Dogleg 180
T3 197 208
Dogleg 197
C69 208 223
Dogleg 208
C101 223 225
Dogleg 223
C57 225 319
Dogleg 225
B0 319 343
Dogleg 319
B0 343 345
Dogleg 343
B0 345 433
Dogleg 345
C67 433 537
Dogleg 433
Net 55
B12 2 52
C58 52 62
Dogleg 52
C87 62 80
Dogleg 62
B12 80 93
Dogleg 80
C54 93 100
Dogleg 93
C54 100 132
Dogleg 100
C76 132 191
Dogleg 132
C34 191 228
Dogleg 191
C67 228 253
Dogleg 228
T4 253 287
Dogleg 253
C89 287 359
Dogleg 287
C18 359 363
Dogleg 359
C18 363 422
Dogleg 363
T9 422 434
Dogleg 422
C60 434 473
Dogleg 434
Net 56
C38 148 177
C38 177 195
Dogleg 177
C90 195 293
Dogleg 195
T4 293 345
Dogleg 293
T4 345 373
Dogleg 345
C15 373 386
Dogleg 373
C15 386 513
Dogleg 386
Net 57
B0 12 194
C91 194 213
Dogleg 194
C25 213 278
Dogleg 213
C28 278 380
Dogleg 278
C40 380 409
Dogleg 380
T9 409 416
Dogleg 409
C37 416 430
Dogleg 416
C37 430 483
Dogleg 430
C94 483 555
Dogleg 483
Net 58
C103 10 46
C103 46 49
Dogleg 46
C34 49 61
Dogleg 49
C34 61 63
Dogleg 61
C106 63 83
Dogleg 63
B4 83 98
Dogleg 83
C28 98 186
Dogleg 98
C28 186 227
Dogleg 186
C28 227 271
Dogleg 227
C97 271 312
Dogleg 271
T1 312 368
Dogleg 312
C26 368 401
Dogleg 368
C28 401 486
Dogleg 401
C77 486 546
Dogleg 486
C105 546 559
Dogleg 546
Net 59
C108 0 49
C108 49 71
Dogleg 49
C68 71 141
Dogleg 71
C68 141 258
Dogleg 141
C106 258 329
Dogleg 258
C3 329 344
Dogleg 329
C3 344 356
Dogleg 344
C31 356 401
Dogleg 356
C88 401 410
Dogleg 401
C40 410 441
Dogleg 410
C45 441 450
Dogleg 441
C76 450 464
Dogleg 450
C76 464 473
Dogleg 464
T3 473 502
Dogleg 473
B3 502 509
Dogleg 502
Net 60
C101 65 131
C104 131 137
Dogleg 131
B6 137 252
Dogleg 137
B0 252 318
Dogleg 252
C90 318 532
Dogleg 318
Net 61
C58 7 34
C58 34 36
Dogleg 34
C78 36 65
Dogleg 36
B14 65 66
Dogleg 65
C31 66 136
Dogleg 66
C31 136 159
Dogleg 136
C77 159 164
Dogleg 159
C88 164 204
Dogleg 164
C88 204 211
Dogleg 204
C61 211 216
Dogleg 211
C61 216 301
Dogleg 216
C80 301 378
Dogleg 301
C83 378 407
Dogleg 378
C85 407 446
Dogleg 407
C59 446 561
Dogleg 446
Net 62
C92 24 58
C92 58 157
Dogleg 58
B14 157 170
Dogleg 157
C77 170 221
Dogleg 170
C77 221 229
Dogleg 221
C77 229 264
Dogleg 229
T7 264 352
Dogleg 264
C68 352 358
Dogleg 352
C68 358 391
Dogleg 358
C68 391 413
Dogleg 391
C107 413 453
Dogleg 413
C53 453 475
Dogleg 453
C54 475 525
Dogleg 475
B14 525 547
Dogleg 525
B11 547 560
Dogleg 547
Net 63
C32 9 117
C32 117 176
Dogleg 117
B3 176 259
Dogleg 176
C102 259 266
Dogleg 259
C77 266 276
Dogleg 266
C77 276 315
Dogleg 276
C49 315 347
Dogleg 315
C53 347 361
Dogleg 347
C30 361 372
Dogleg 361
C30 372 522
Dogleg 372
C73 522 565
Dogleg 522
Net 64
C39 20 102
C39 102 105
Dogleg 102
C50 105 153
Dogleg 105
C55 153 219
Dogleg 153
C22 219 300
Dogleg 219
C22 300 375
Dogleg 300
T4 375 452
Dogleg 375
C87 452 458
Dogleg 452
B8 458 504
Dogleg 458
Net 65
B10 70 91
C61 91 115
Dogleg 91
C61 115 149
Dogleg 115
T2 149 207
Dogleg 149
C76 207 228
Dogleg 207
C82 228 233
Dogleg 228
T1 233 247
Dogleg 233
C98 247 321
Dogleg 247
C98 321 331
Dogleg 321
C57 331 376
Dogleg 331
C57 376 413
Dogleg 376
C63 413 465
Dogleg 413
C88 465 468
Dogleg 465
C88 468 512
Dogleg 468
C99 512 552
Dogleg 512
Net 66
C87 27 40
C63 40 75
Dogleg 40
C63 75 115
Dogleg 75
C81 115 128
Dogleg 115
C42 128 140
Dogleg 128
C45 140 162
Dogleg 140
C61 162 206
Dogleg 162
C46 206 218
Dogleg 206
B1 218 236
Dogleg 218
C55 236 270
Dogleg 236
C13 270 302
Dogleg 270
C13 302 340
Dogleg 302
C98 340 530
Dogleg 340
Net 67
C90 16 88
C8 88 103
Dogleg 88
C8 103 296
Dogleg 103
C105 296 412
Dogleg 296
C39 412 497
Dogleg 412
C40 497 540
Dogleg 497
T5 540 548
Dogleg 540
Net 68
B9 8 71
B9 71 104
Dogleg 71
C48 104 298
Dogleg 104
C65 298 374
Dogleg 298
C65 374 387
Dogleg 374
Net 69
B3 17 60
B15 60 94
Dogleg 60
C23 94 99
Dogleg 94
C91 99 139
Dogleg 99
C91 139 192
Dogleg 139
C92 192 282
Dogleg 192
C104 282 377
Dogleg 282
C84 377 398
Dogleg 377
C29 398 522
Dogleg 398
B4 522 527
Dogleg 522
C68 527 529
Dogleg 527
Net 70
B11 33 95
C10 95 97
Dogleg 95
C51 97 240
Dogleg 97
C108 240 242
Dogleg 240
C108 242 307
Dogleg 242
C108 307 374
Dogleg 307
C71 374 396
Dogleg 374
C80 396 517
Dogleg 396
C101 517 520
Dogleg 517
Net 71
C57 7 144
C17 144 199
Dogleg 144
C17 199 275
Dogleg 199
C55 275 323
Dogleg 275
C91 323 371
Dogleg 323
C91 371 423
Dogleg 371
C101 423 516
Dogleg 423
C108 516 557
Dogleg 516
T7 557 566
Dogleg 557
Net 72
B11 2 29
C40 29 102
Dogleg 29
C49 102 267
Dogleg 102
C107 267 349
Dogleg 267
C107 349 362
Dogleg 349
C107 362 383
Dogleg 362
T3 383 388
Dogleg 383
T3 388 403
Dogleg 388
C74 403 424
Dogleg 403
C74 424 470
Dogleg 424
C82 470 543
Dogleg 470
Net 73
C83 28 64
C83 64 72
Dogleg 64
C108 72 78
Dogleg 72
C84 78 169
Dogleg 78
C84 169 301
Dogleg 169
C90 301 314
Dogleg 301
C38 314 515
Dogleg 314
Net 74
C99 90 178
C99 178 244
Dogleg 178
C72 244 286
Dogleg 244
C81 286 464
Dogleg 286
C91 464 491
Dogleg 464
T4 491 553
Dogleg 491
B9 553 562
Dogleg 553
Net 75
C24 94 150
C24 150 363
Dogleg 150
C96 363 394
Dogleg 363
C96 394 402
Dogleg 394
C96 402 408
Dogleg 402
T3 408 433
Dogleg 408
C68 433 484
Dogleg 433
Net 76
C70 74 89
C43 89 110
Dogleg 89
C43 110 111
Dogleg 110
C43 111 205
Dogleg 111
C43 205 253
Dogleg 205
C60 253 308
Dogleg 253
C64 308 334
Dogleg 308
C36 334 416
Dogleg 334
C36 416 461
Dogleg 416
C92 461 501
Dogleg 461
T1 501 520
Dogleg 501
Net 77
B14 69 92
C34 92 125
Dogleg 92
C96 125 152
Dogleg 125
C61 152 155
Dogleg 152
C83 155 278
Dogleg 155
C29 278 313
Dogleg 278
C30 313 328
Dogleg 313
C76 328 350
Dogleg 328
C76 350 391
Dogleg 350
C93 391 420
Dogleg 391
C83 420 532
Dogleg 420
Net 78
C72 51 79
C72 79 109
Dogleg 79
C72 109 116
Dogleg 109
C72 116 243
Dogleg 116
C107 243 262
Dogleg 243
T8 262 282
Dogleg 262
T8 282 376
Dogleg 282
C83 376 377
Dogleg 376
C50 377 457
Dogleg 377
B1 457 528
Dogleg 457
B13 528 545
Dogleg 528
Net 79
C42 41 89
C42 89 92
Dogleg 89
C70 92 172
Dogleg 92
B14 172 180
Dogleg 172
C74 180 207
Dogleg 180
C74 207 245
Dogleg 207
C52 245 263
Dogleg 245
C65 263 297
Dogleg 263
C100 297 333
Dogleg 297
C41 333 450
Dogleg 333
C41 450 544
Dogleg 450
Net 80
C34 128 130
T2 130 136
Dogleg 130
C34 136 156
Dogleg 136
B5 156 186
Dogleg 156
C22 186 217
Dogleg 186
C41 217 245
Dogleg 217
B10 245 261
Dogleg 245
C79 261 399
Dogleg 261
T7 399 415
Dogleg 399
C73 415 460
Dogleg 415
B7 460 474
Dogleg 460
C63 474 546
Dogleg 474
B13 546 553
Dogleg 546
Net 81
C99 6 15
C99 15 31
Dogleg 15
C99 31 87
Dogleg 31
C106 87 95
Dogleg 87
C11 95 113
Dogleg 95
C11 113 151
Dogleg 113
C78 151 200
Dogleg 151
C98 200 211
Dogleg 200
C98 211 234
Dogleg 211
C102 234 257
Dogleg 234
T1 257 284
Dogleg 257
C6 284 411
Dogleg 284
C6 411 466
Dogleg 411
C87 466 505
Dogleg 466
C102 505 535
Dogleg 505
Net 82
C100 59 82
C100 82 125
Dogleg 82
T0 125 275
Dogleg 125
C62 275 316
Dogleg 275
C77 316 337
Dogleg 316
C25 337 361
Dogleg 337
C26 361 362
Dogleg 361
C3 362 370
Dogleg 362
C3 370 384
Dogleg 370
C39 384 409
Dogleg 384
C20 409 459
Dogleg 409
C20 459 476
Dogleg 459
C94 476 481
Dogleg 476
C73 481 499
Dogleg 481
B10 499 505
Dogleg 499
Net 83
C41 112 188
T4 188 209
Dogleg 188
C66 209 346
Dogleg 209
C92 346 454
Dogleg 346
T4 454 486
Dogleg 454
Net 84
C86 31 38
C86 38 118
Dogleg 38
C86 118 184
Dogleg 118
C86 184 298
Dogleg 184
C95 298 306
Dogleg 298
C101 306 320
Dogleg 306
C101 320 367
Dogleg 320
C101 367 384
Dogleg 367
C108 384 425
Dogleg 384
C108 425 512
Dogleg 425
T3 512 542
Dogleg 512
Net 85
C59 34 37
C59 37 52
Dogleg 37
C59 52 76
Dogleg 52
C59 76 101
Dogleg 76
C59 101 234
Dogleg 101
C89 234 269
Dogleg 234
C102 269 351
Dogleg 269
C102 351 353
Dogleg 351
C66 353 431
Dogleg 353
C66 431 510
Dogleg 431
T6 510 541
Dogleg 510
Net 86
C27 101 159
C27 159 418
Dogleg 159
C88 418 458
Dogleg 418
C107 458 525
Dogleg 458
T1 525 563
Dogleg 525
Net 87
C44 110 143
C105 143 235
Dogleg 143
C64 235 244
Dogleg 235
C64 244 306
Dogleg 244
C11 306 340
Dogleg 306
Net 88
B8 9 69
B12 69 72
Dogleg 69
C66 72 103
Dogleg 72
C10 103 151
Dogleg 103
B7 151 190
Dogleg 151
B2 190 239
Dogleg 190
C14 239 292
Dogleg 239
C17 292 348
Dogleg 292
C71 348 367
Dogleg 348
C74 367 399
Dogleg 367
C77 399 405
Dogleg 399
C49 405 446
Dogleg 405
C56 446 457
Dogleg 446
Net 89
C85 25 38
C85 38 182
Dogleg 38
C85 182 222
Dogleg 182
C103 222 299
Dogleg 222
C103 299 326
Dogleg 299
C84 326 364
Dogleg 326
C87 364 407
Dogleg 364
Net 90
C87 50 58
C88 58 135
Dogleg 58
C100 135 288
Dogleg 135
C72 288 289
Dogleg 288
C72 289 312
Dogleg 289
C91 312 318
Dogleg 312
T0 318 369
Dogleg 318
C52 369 453
Dogleg 369
C52 453 471
Dogleg 453
Net 91
C79 3 147
C79 147 254
Dogleg 147
T3 254 294
Dogleg 254
T3 294 322
Dogleg 294
T3 322 351
Dogleg 322
T3 351 381
Dogleg 351
T9 381 395
Dogleg 381
C51 395 400
Dogleg 395
C51 400 414
Dogleg 400
C105 414 419
Dogleg 414
C105 419 444
Dogleg 419
C105 444 545
Dogleg 444
T6 545 550
Dogleg 545
Net 92
B15 27 48
B15 48 55
Dogleg 48
B15 55 57
Dogleg 55
C68 57 67
Dogleg 57
C102 67 118
Dogleg 67
C102 118 229
Dogleg 118
C80 229 295
Dogleg 229
Net 93
C71 22 51
C71 51 54
Dogleg 51
C71 54 121
Dogleg 54
C33 121 215
Dogleg 121
C33 215 232
Dogleg 215
C6 232 237
Dogleg 232
B1 237 247
Dogleg 237
C20 247 324
Dogleg 247
C29 324 383
Dogleg 324
C104 383 430
Dogleg 383
C42 430 469
Dogleg 430
C42 469 497
Dogleg 469
C57 497 564
Dogleg 497
Net 94
C100 15 53
C70 53 73
Dogleg 53
C83 73 153
Dogleg 73
C57 153 154
Dogleg 153
C57 154 173
Dogleg 154
C57 173 223
Dogleg 173
C62 223 246
Dogleg 223
C62 246 274
Dogleg 246
C9 274 336
Dogleg 274
C9 336 339
Dogleg 336
C16 339 348
Dogleg 339
C16 348 386
Dogleg 348
C102 386 392
Dogleg 386
C89 392 427
Dogleg 392
C89 427 499
Dogleg 427
Net 95
B1 1 197
C38 197 281
Dogleg 197
C45 281 330
Dogleg 281
C45 330 437
Dogleg 330
C51 437 442
Dogleg 437
C79 442 451
Dogleg 442
C97 451 484
Dogleg 451
Net 96
C47 106 135
B13 135 173
Dogleg 135
C45 173 255
Dogleg 173
T2 255 443
Dogleg 255
T2 443 538
Dogleg 443
Net 97
B4 14 48
B4 48 53
Dogleg 48
C53 53 132
Dogleg 53
B14 132 148
Dogleg 132
C30 148 167
Dogleg 148
T3 167 181
Dogleg 167
C67 181 198
Dogleg 181
B1 198 212
Dogleg 198
C30 212 283
Dogleg 212
C44 283 323
Dogleg 283
C44 323 503
Dogleg 323
B6 503 514
Dogleg 503
C66 514 552
Dogleg 514
Net 98
C60 37 149
C60 149 252
Dogleg 149
C73 252 403
Dogleg 252
C12 403 526
Dogleg 403
C13 526 534
Dogleg 526
Net 99
C90 90 155
C90 155 193
Dogleg 155
T3 193 196
Dogleg 193
B0 196 235
Dogleg 196
C59 235 400
Dogleg 235
C53 400 436
Dogleg 400
C53 436 441
Dogleg 436
C103 441 470
Dogleg 441
C103 470 531
Dogleg 470
Net 100
C81 35 114
C87 114 175
Dogleg 114
C71 175 214
Dogleg 175
C71 214 332
Dogleg 214
C106 332 523
Dogleg 332
