Channel density: 91
Net 1
C15 19 28
C77 28 57
Dogleg 28
T0 57 104
Dogleg 57
C32 104 108
Dogleg 104
C32 108 229
Dogleg 108
Net 2
C69 10 62
C21 62 180
Dogleg 62
C21 180 205
Dogleg 180
C43 205 211
Dogleg 205
T7 211 213
Dogleg 211
Net 3
T1 11 44
C39 44 49
Dogleg 44
C39 49 58
Dogleg 49
C57 58 144
Dogleg 58
C42 144 209
Dogleg 144
C42 209 224
Dogleg 209
C42 224 292
Dogleg 224
T3 292 319
Dogleg 292
C63 319 334
Dogleg 319
Net 4
C18 82 122
C68 122 127
Dogleg 122
C68 127 247
Dogleg 127
C90 247 309
Dogleg 247
C82 309 316
Dogleg 309
Net 5
C33 4 27
C33 27 33
Dogleg 27
C70 33 62
Dogleg 33
C70 62 146
Dogleg 62
T3 146 156
Dogleg 146
C79 156 210
Dogleg 156
T10 210 240
Dogleg 210
C74 240 289
Dogleg 240
C74 289 328
Dogleg 289
Net 6
C31 33 41
C17 41 69
Dogleg 41
C17 69 179
Dogleg 69
C91 179 194
Dogleg 179
C91 194 253
Dogleg 194
Net 7
C12 116 122
C12 122 141
Dogleg 122
C58 141 163
Dogleg 141
C31 163 173
Dogleg 163
C31 173 214
Dogleg 173
T0 214 263
Dogleg 214
C2 263 284
Dogleg 263
C2 284 304
Dogleg 284
C78 304 307
Dogleg 304
Net 8
C48 59 70
C48 70 113
Dogleg 70
C90 113 124
Dogleg 113
T1 124 142
Dogleg 124
C55 142 148
Dogleg 142
C57 148 277
Dogleg 148
C60 277 308
Dogleg 277
Net 9
T6 2 23
C82 23 24
Dogleg 23
C82 24 215
Dogleg 24
C35 215 218
Dogleg 215
C35 218 242
Dogleg 218
Net 10
C73 30 51
C73 51 95
Dogleg 51
C73 95 160
Dogleg 95
C73 160 261
Dogleg 160
C73 261 296
Dogleg 261
Net 11
C90 6 112
C33 112 129
Dogleg 112
C33 129 173
Dogleg 129
C60 173 233
Dogleg 173
C79 233 332
Dogleg 233
Net 12
C37 1 46
C37 46 78
Dogleg 46
C24 78 132
Dogleg 78
C25 132 135
Dogleg 132
C35 135 203
Dogleg 135
C3 203 249
Dogleg 203
C3 249 284
Dogleg 249
C31 284 297
Dogleg 284
C32 297 333
Dogleg 297
Net 13
C30 36 104
C31 104 134
Dogleg 104
T3 134 137
Dogleg 134
C54 137 142
Dogleg 137
C54 142 181
Dogleg 142
C54 181 257
Dogleg 181
C56 257 269
Dogleg 257
C84 269 305
Dogleg 269
C73 305 311
Dogleg 305
Net 14
C24 15 67
C50 67 101
Dogleg 67
C79 101 123
Dogleg 101
C8 123 219
Dogleg 123
C11 219 220
Dogleg 219
Net 15
T7 0 13
T10 13 21
Dogleg 13
C63 21 182
Dogleg 21
C63 182 191
Dogleg 182
C64 191 244
Dogleg 191
C35 244 278
Dogleg 244
C38 278 280
Dogleg 278
T5 280 313
Dogleg 280
T13 313 317
Dogleg 313
Net 16
C79 25 42
C79 42 99
Dogleg 42
C42 99 115
Dogleg 99
C42 115 118
Dogleg 115
C65 118 183
Dogleg 118
C41 183 211
Dogleg 183
C41 211 235
Dogleg 211
T9 235 245
Dogleg 235
C70 245 301
Dogleg 245
Net 17
C58 50 75
C58 75 116
Dogleg 75
C66 116 120
Dogleg 116
C39 120 183
Dogleg 120
C39 183 212
Dogleg 183
C39 212 278
Dogleg 212
C82 278 285
Dogleg 278
Net 18
C26 56 134
C30 134 192
Dogleg 134
C63 192 205
Dogleg 192
T1 205 299
Dogleg 205
C83 299 318
Dogleg 299
Net 19
C36 39 103
C36 103 105
Dogleg 103
T0 105 125
Dogleg 105
C66 125 165
Dogleg 125
C24 165 176
Dogleg 165
C24 176 189
Dogleg 176
C65 189 203
Dogleg 189
C52 203 228
Dogleg 203
C27 228 255
Dogleg 228
Net 20
C62 43 50
C83 50 109
Dogleg 50
C29 109 110
Dogleg 109
C29 110 143
Dogleg 110
C26 143 186
Dogleg 143
B0 186 221
Dogleg 186
C28 221 275
Dogleg 221
Net 21
T11 11 19
C16 19 41
Dogleg 19
C16 41 188
Dogleg 41
C77 188 222
Dogleg 188
C77 222 332
Dogleg 222
Net 22
T3 7 34
C65 34 37
Dogleg 34
C65 37 72
Dogleg 37
C65 72 93
Dogleg 72
C65 93 114
Dogleg 93
C9 114 167
Dogleg 114
C9 167 184
Dogleg 167
C74 184 238
Dogleg 184
C76 238 311
Dogleg 238
Net 23
C47 59 81
C88 81 170
Dogleg 81
C62 170 174
Dogleg 170
C62 174 207
Dogleg 174
C33 207 215
Dogleg 207
C33 215 229
Dogleg 215
C88 229 251
Dogleg 229
Net 24
C20 71 78
C20 78 139
Dogleg 78
T3 139 140
Dogleg 139
C85 140 253
Dogleg 140
C85 253 321
Dogleg 253
Net 25
C67 18 146
C67 146 147
Dogleg 146
T1 147 150
Dogleg 147
C81 150 304
Dogleg 150
T1 304 327
Dogleg 304
Net 26
C83 24 45
C59 45 61
Dogleg 45
C59 61 111
Dogleg 61
C36 111 198
Dogleg 111
C36 198 258
Dogleg 198
C36 258 280
Dogleg 258
C37 280 299
Dogleg 280
C82 299 303
Dogleg 299
T2 303 324
Dogleg 303
Net 27
T0 5 47
C42 47 48
Dogleg 47
C42 48 49
Dogleg 48
T0 49 55
Dogleg 49
C45 55 81
Dogleg 55
C45 81 145
Dogleg 81
C50 145 177
Dogleg 145
C50 177 266
Dogleg 177
C71 266 306
Dogleg 266
Net 28
C28 4 109
C28 109 155
Dogleg 109
C55 155 161
Dogleg 155
C71 161 171
Dogleg 161
C7 171 226
Dogleg 171
C15 226 237
Dogleg 226
C11 237 295
Dogleg 237
C13 295 326
Dogleg 295
T11 326 333
Dogleg 326
Net 29
C53 64 67
C71 67 103
Dogleg 67
C37 103 126
Dogleg 103
C42 126 133
Dogleg 126
C46 133 157
Dogleg 133
C46 157 172
Dogleg 157
C71 172 200
Dogleg 172
C71 200 224
Dogleg 200
C47 224 272
Dogleg 224
Net 30
C72 121 162
C28 162 192
Dogleg 162
C1 192 263
Dogleg 192
C1 263 286
Dogleg 263
C57 286 325
Dogleg 286
Net 31
C74 29 65
C74 65 107
Dogleg 65
C74 107 130
Dogleg 107
C74 130 175
Dogleg 130
C49 175 181
Dogleg 175
C20 181 199
Dogleg 181
C28 199 217
Dogleg 199
T9 217 219
Dogleg 217
C12 219 293
Dogleg 219
Net 32
C84 54 184
C84 184 201
Dogleg 184
C44 201 262
Dogleg 201
C48 262 272
Dogleg 262
T7 272 283
Dogleg 272
C66 283 296
Dogleg 283
C66 296 310
Dogleg 296
Net 33
C33 52 77
B1 77 114
Dogleg 77
B1 114 149
Dogleg 114
B1 149 154
Dogleg 149
B1 154 194
Dogleg 154
B1 194 236
Dogleg 194
C83 236 287
Dogleg 236
C55 287 310
Dogleg 287
C64 310 329
Dogleg 310
Net 34
C88 3 38
C23 38 128
Dogleg 38
C23 128 158
Dogleg 128
C45 158 208
Dogleg 158
C65 208 334
Dogleg 208
Net 35
B1 14 35
C64 35 58
Dogleg 35
C77 58 70
Dogleg 58
C49 70 164
Dogleg 70
C58 164 193
Dogleg 164
C58 193 247
Dogleg 193
C66 247 282
Dogleg 247
C62 282 291
Dogleg 282
C62 291 300
Dogleg 291
Net 36
C86 64 76
C86 76 79
Dogleg 76
C86 79 154
Dogleg 79
C86 154 225
Dogleg 154
T5 225 234
Dogleg 225
Net 37
C91 0 159
C91 159 176
Dogleg 159
C25 176 232
Dogleg 176
C25 232 252
Dogleg 232
C69 252 281
Dogleg 252
C69 281 301
Dogleg 281
C69 301 302
Dogleg 301
Net 38
C40 32 94
C55 94 124
Dogleg 94
C79 124 153
Dogleg 124
C29 153 163
Dogleg 153
C23 163 189
Dogleg 163
C23 189 235
Dogleg 189
C40 235 288
Dogleg 235
C83 288 290
Dogleg 288
C38 290 294
Dogleg 290
Net 39
C34 17 27
C64 27 34
Dogleg 27
C60 34 86
Dogleg 34
C60 86 168
Dogleg 86
C69 168 174
Dogleg 168
C88 174 201
Dogleg 174
T9 201 212
Dogleg 201
C43 212 264
Dogleg 212
C54 264 324
Dogleg 264
Net 40
C84 22 53
C55 53 89
Dogleg 53
B5 89 96
Dogleg 89
C46 96 126
Dogleg 96
C90 126 191
Dogleg 126
C90 191 246
Dogleg 191
T4 246 259
Dogleg 246
C68 259 265
Dogleg 259
T0 265 308
Dogleg 265
Net 41
C85 16 90
C55 90 93
Dogleg 90
C56 93 230
Dogleg 93
C87 230 290
Dogleg 230
T6 290 315
Dogleg 290
T11 315 323
Dogleg 315
T3 323 331
Dogleg 323
Net 42
C68 10 102
C68 102 118
Dogleg 102
C81 118 143
Dogleg 118
C53 143 193
Dogleg 143
C53 193 216
Dogleg 193
C72 216 240
Dogleg 216
C72 240 267
Dogleg 240
C72 267 305
Dogleg 267
C72 305 322
Dogleg 305
Net 43
C61 43 73
C75 73 85
Dogleg 73
C75 85 150
Dogleg 85
C75 150 200
Dogleg 150
T10 200 209
Dogleg 200
C45 209 239
Dogleg 209
C60 239 257
Dogleg 239
C84 257 268
Dogleg 257
T2 268 300
Dogleg 268
Net 44
C38 46 99
C41 99 138
Dogleg 99
C59 138 168
Dogleg 138
C59 168 185
Dogleg 168
C59 185 329
Dogleg 185
Net 45
C67 155 245
C67 245 273
Dogleg 245
T6 273 282
Dogleg 273
T6 282 289
Dogleg 282
C78 289 303
Dogleg 289
Net 46
C19 60 71
C19 71 97
Dogleg 71
C40 97 138
Dogleg 97
C40 138 202
Dogleg 138
C43 202 204
Dogleg 202
C27 204 223
Dogleg 204
C30 223 232
Dogleg 223
C86 232 275
Dogleg 232
C86 275 330
Dogleg 275
Net 47
B5 84 88
C11 88 190
Dogleg 88
C11 190 206
Dogleg 190
C5 206 237
Dogleg 206
B1 237 244
Dogleg 237
Net 48
T5 13 20
C76 20 57
Dogleg 20
C76 57 120
Dogleg 57
C76 120 177
Dogleg 120
C55 177 250
Dogleg 177
C62 250 273
Dogleg 250
C62 273 281
Dogleg 273
C64 281 291
Dogleg 281
T4 291 331
Dogleg 291
Net 49
B2 5 22
B2 22 26
Dogleg 22
C27 26 87
Dogleg 26
C52 87 151
Dogleg 87
C20 151 178
Dogleg 151
C5 178 188
Dogleg 178
C9 188 258
Dogleg 188
C34 258 279
Dogleg 258
T4 279 287
Dogleg 279
Net 50
C12 97 98
C44 98 108
Dogleg 98
C50 108 137
Dogleg 108
C51 137 223
Dogleg 137
C31 223 242
Dogleg 223
C33 242 297
Dogleg 242
C87 297 312
Dogleg 297
Net 51
C4 31 206
C4 206 249
Dogleg 206
C32 249 288
Dogleg 249
C39 288 294
Dogleg 288
C88 294 318
Dogleg 294
Net 52
C66 18 110
C30 110 112
Dogleg 110
C30 112 132
Dogleg 112
C69 132 167
Dogleg 132
C10 167 220
Dogleg 167
C10 220 268
Dogleg 220
C60 268 274
Dogleg 268
Net 53
C10 98 102
C38 102 144
Dogleg 102
C41 144 166
Dogleg 144
C66 166 169
Dogleg 166
C66 169 227
Dogleg 169
C89 227 236
Dogleg 227
C89 236 323
Dogleg 236
Net 54
C56 63 89
C56 89 91
Dogleg 89
C85 91 135
Dogleg 91
C37 135 166
Dogleg 135
C6 166 171
Dogleg 166
C6 171 276
Dogleg 171
C41 276 292
Dogleg 276
Net 55
C71 30 66
C51 66 90
Dogleg 66
C51 90 136
Dogleg 90
T2 136 147
Dogleg 136
T2 147 157
Dogleg 147
C52 157 202
Dogleg 157
T2 202 266
Dogleg 202
Net 56
T2 8 31
C22 31 38
Dogleg 31
C22 38 178
Dogleg 38
C76 178 210
Dogleg 178
C40 210 231
Dogleg 210
C52 231 248
Dogleg 231
C64 248 259
Dogleg 248
C64 259 277
Dogleg 259
C67 277 307
Dogleg 277
Net 57
C46 9 92
C33 92 111
Dogleg 92
C35 111 129
Dogleg 111
T5 129 152
Dogleg 129
C15 152 195
Dogleg 152
C16 195 226
Dogleg 195
T3 226 238
Dogleg 226
C82 238 276
Dogleg 238
T5 276 279
Dogleg 276
Net 58
C64 61 107
C71 107 160
Dogleg 107
B0 160 172
Dogleg 160
B0 172 185
Dogleg 172
C49 185 270
Dogleg 185
Net 59
C62 54 77
C62 77 119
Dogleg 77
C10 119 158
Dogleg 119
C12 158 190
Dogleg 158
C17 190 196
Dogleg 190
C17 196 217
Dogleg 196
C24 217 271
Dogleg 217
T8 271 316
Dogleg 271
C84 316 321
Dogleg 316
Net 60
C43 48 55
C43 55 131
Dogleg 55
T4 131 148
Dogleg 131
C70 148 241
Dogleg 148
B0 241 243
Dogleg 241
C23 243 248
Dogleg 243
C51 248 262
Dogleg 248
C60 262 267
Dogleg 262
C68 267 315
Dogleg 267
Net 61
C44 12 74
C61 74 86
Dogleg 74
C61 86 100
Dogleg 86
C39 100 113
Dogleg 100
C44 113 117
Dogleg 113
C44 117 187
Dogleg 117
C46 187 227
Dogleg 187
B0 227 230
Dogleg 227
C53 230 231
Dogleg 230
Net 62
C87 7 88
C87 88 127
Dogleg 88
C87 127 180
Dogleg 127
C22 180 204
Dogleg 180
C26 204 243
Dogleg 204
T5 243 260
Dogleg 243
C61 260 298
Dogleg 260
Net 63
C36 1 26
C29 26 36
Dogleg 26
C29 36 82
Dogleg 36
C77 82 187
Dogleg 82
C48 187 260
Dogleg 187
Net 64
C32 21 39
C34 39 254
Dogleg 39
C91 254 322
Dogleg 254
C91 322 327
Dogleg 322
B3 327 328
Dogleg 327
Net 65
C80 25 119
C80 119 141
Dogleg 119
C80 141 162
Dogleg 141
C80 162 225
Dogleg 162
C84 225 252
Dogleg 225
C88 252 256
Dogleg 252
C88 256 285
Dogleg 256
T7 285 302
Dogleg 285
T7 302 325
Dogleg 302
Net 66
C35 17 105
C27 105 153
Dogleg 105
C27 153 186
Dogleg 153
C69 186 250
Dogleg 186
T3 250 256
Dogleg 250
Net 67
C89 3 6
C89 6 73
Dogleg 6
C89 73 76
Dogleg 73
C89 76 83
Dogleg 76
C89 83 91
Dogleg 83
C89 91 222
Dogleg 91
T6 222 251
Dogleg 222
Net 68
C25 15 56
C25 56 128
Dogleg 56
C64 128 169
Dogleg 128
C64 169 182
Dogleg 169
C87 182 213
Dogleg 182
Net 69
C81 23 29
C81 29 37
Dogleg 29
C81 37 115
Dogleg 37
C48 115 175
Dogleg 115
C29 175 214
Dogleg 175
C29 214 255
Dogleg 214
C58 255 298
Dogleg 255
C58 298 313
Dogleg 298
T0 313 330
Dogleg 313
Net 70
C88 40 80
B3 80 87
Dogleg 80
C15 87 136
Dogleg 87
C43 136 145
Dogleg 136
C43 145 199
Dogleg 145
C30 199 207
Dogleg 199
C30 207 221
Dogleg 207
T9 221 228
Dogleg 221
C63 228 283
Dogleg 228
Net 71
C72 14 51
C18 51 60
Dogleg 51
C18 60 69
Dogleg 60
C53 69 140
Dogleg 69
B0 140 159
Dogleg 140
C38 159 265
Dogleg 159
C23 265 271
Dogleg 265
Net 72
C52 65 85
B4 85 95
Dogleg 85
C13 95 106
Dogleg 95
C13 106 179
Dogleg 106
C13 179 293
Dogleg 179
Net 73
C54 53 106
C19 106 151
Dogleg 106
C19 151 195
Dogleg 151
C44 195 198
Dogleg 195
T4 198 234
Dogleg 198
Net 74
C75 20 72
C77 72 79
Dogleg 72
B4 79 84
Dogleg 79
C14 84 152
Dogleg 84
C14 152 295
Dogleg 152
Net 75
C86 16 35
C86 35 40
Dogleg 35
C86 40 63
Dogleg 40
C69 63 130
Dogleg 63
C61 130 170
Dogleg 130
C61 170 239
Dogleg 170
C75 239 317
Dogleg 239
Net 76
C47 92 101
C47 101 218
Dogleg 101
T7 218 241
Dogleg 218
C71 241 264
Dogleg 241
C55 264 269
Dogleg 264
Net 77
B0 2 66
B0 66 68
Dogleg 66
B0 68 94
Dogleg 68
B0 94 139
Dogleg 94
C18 139 196
Dogleg 139
C37 196 274
Dogleg 196
C56 274 319
Dogleg 274
Net 78
C62 133 164
C72 164 165
Dogleg 164
C72 165 197
Dogleg 165
C72 197 208
Dogleg 197
T8 208 233
Dogleg 208
C80 233 309
Dogleg 233
C81 309 320
Dogleg 309
Net 79
C41 32 47
C41 47 52
Dogleg 47
C72 52 83
Dogleg 52
C72 83 96
Dogleg 83
C72 96 117
Dogleg 96
C83 117 149
Dogleg 117
C83 149 216
Dogleg 149
Net 80
C45 9 12
C78 12 42
Dogleg 12
C78 42 68
Dogleg 42
C78 68 75
Dogleg 68
C78 75 121
Dogleg 75
C78 121 286
Dogleg 121
C63 286 306
Dogleg 286
C70 306 314
Dogleg 306
T12 314 326
Dogleg 314
